# callgrind format
version: 1
creator: callgrind-3.23.0
pid: 16018
cmd:  ./target/release/runner
part: 1


desc: I1 cache: 
desc: D1 cache: 
desc: LL cache: 

desc: Timerange: Basic block 0 - 82568
desc: Trigger: Program termination

positions: line
events: Ir
summary: 404577


ob=(1) /usr/lib/ld-linux-x86-64.so.2
fl=(145) /usr/src/debug/glibc/glibc/elf/dl-lookup-direct.c
fn=(484) check_match
31 33
+1 15
+1 9
+2 6
+1 6
+12 9
+3 6
+2 9
cfi=(32) /usr/src/debug/glibc/glibc/string/../sysdeps/x86_64/multiarch/../multiarch/strcmp-sse2.S
cfn=(96) strcmp
calls=3 +45 
* 201
* 6
+4 6
+1 18
+1 9
cfi=(32)
cfn=(96)
calls=3 +39 
* 198
-19 9
+24 27

fn=(482) _dl_lookup_direct
74 33
+1 3
-1 3
+4 3
-4 3
+2 6
+2 9
+37 3
-37 9
+1 6
+2 9
+3 25
+2 3
+1 12
-1 6
+1 3
cfn=(484)
calls=3 -56 
* 567
* 3
+3 6
+3 6
+23 27

fl=(16) /usr/src/debug/glibc/glibc/elf/../sysdeps/x86/cpu-features.c
fn=(42) update_active.constprop.0
87 8
+4 1
+28 1
+9 1
-27 1
-1 1
-1 1
+25 1
-14 1
-10 1
-1 2
+25 1
-24 1
+1 1
+17 1
-9 1
+15 1
+3 1
-18 1
+9 1
+9 2
-9 1
-9 1
+18 2
+4 3
-7 1
+7 2
+1 1
+12 1
-8 1
-4 1
+7 1
-3 4
+1 1
+6 1
-4 1
+6 1
-2 1
-6 2
+1 1
+7 2
+3 1
-5 1
-5 1
+10 1
-10 1
+6 2
+4 1
-4 1
+4 2
-5 1
+1 1
+4 1
+14 2
-2 1
+6 5
+1 3
+2 3
+91 1
-1 2
+17 4
+16 2
+4 1
+1 1
+3 4
+4 2
fi=(18) /usr/src/debug/glibc/glibc/elf/../sysdeps/x86/get-isa-level.h
31 1
fe=(16)
425 2
+4 3
fi=(19) /usr/src/debug/glibc/glibc/elf/../sysdeps/unix/sysv/linux/x86/dl-hwcap2.h
25 2
fi=(18)
+5 1
-2 1
+2 3
fe=(16)
438 1
+1 8
308 3
+1 2
+5 1
-1 1
+9 1
-5 1
+2 1
-2 1
+5 1
fi=(18)
32 3
+4 3
fe=(16)
173 2
+3 1
+3 2
+14 1
+2 1
+10 1
-30 1
+30 1
-12 1
+12 1
-12 2
+2 4
+6 4
+2 4
+7 4
fi=(18)
39 3
+1 4
-2 1
+7 4
+2 1
+1 2
+3 5
+2 4
+1 2
+1 2
+3 1
-1 1
+1 3
fe=(16)
186 1
-5 2
+4 1

fn=(36) init_cpu_features.constprop.0
751 1
+17 1
-17 7
+3 1
+1 1
+1 1
+3 1
+9 2
+3 6
+6 6
cfn=(38) get_common_indices.constprop.0
calls=1 467 
* 74
445 3
+1 2
+1 6
+5 2
782 1
cfn=(42)
calls=1 87 
* 211
fi=(20) /usr/src/debug/glibc/glibc/elf/../sysdeps/x86/dl-cacheinfo.h
988 1
fe=(16)
784 1
+2 1
1111 1
fi=(20)
988 1
-49 1
fe=(16)
784 2
954 2
+7 2
+2 2
+4 2
+6 2
fi=(20)
-34 2
fe=(16)
775 1
fi=(20)
939 5
fe=(16)
772 1
1097 3
+1 2
+3 2
+1 2
+6 1
+1 1
+1 1
+1 1
fi=(20)
792 1
+1 1
+1 1
+14 2
+85 1
+5 1
+11 1
-10 1
+5 1
+5 1
-16 1
+1 1
+15 1
-10 1
+4 1
-9 1
+1 1
+5 1
-5 1
+1 1
+5 1
-5 1
+1 1
+5 1
-5 1
+6 1
+37 2
-17 3
+8 2
+29 6
+9 2
+20 3
+5 2
-1 1
+3 1
-1 2
+15 4
cfi=(11) /usr/src/debug/glibc/glibc/elf/dl-tunables.c
cfn=(28) __tunable_get_val
calls=1 438 
* 23
* 1
+5 2
-3 2
+3 2
cfi=(11)
cfn=(28)
calls=1 438 
* 23
* 1
+2 2
+3 4
cfi=(11)
cfn=(28)
calls=1 438 
* 23
* 1
+1 5
+26 2
-22 4
cfi=(11)
cfn=(28)
calls=1 438 
* 23
* 1
+1 5
+24 2
-20 5
cfi=(11)
cfn=(28)
calls=1 438 
* 23
* 1
+7 1
-5 1
+5 1
-5 2
+5 2
cfi=(11)
cfn=(28)
calls=1 438 
* 23
* 1
+2 2
-2 1
+2 1
+6 12
cfi=(11)
cfn=(58) __GI___tunable_set_val
calls=1 162 
* 45
+1 10
cfi=(11)
cfn=(58)
calls=1 162 
* 45
+1 11
cfi=(11)
cfn=(58)
calls=1 162 
* 45
+3 10
cfi=(11)
cfn=(58)
calls=1 162 
* 45
+3 9
+14 1
-14 2
cfi=(11)
cfn=(58)
calls=1 162 
* 45
+2 10
cfi=(11)
cfn=(58)
calls=1 162 
* 45
+9 1
fe=(16)
+51 2
fi=(20)
-49 1
+1 1
fe=(16)
+48 1
fi=(20)
-51 1
+4 1
-3 1
+1 1
-3 1
+2 1
+4 1
-1 1
fe=(16)
+47 1
cfi=(11)
cfn=(28)
calls=1 438 
* 22
+3 4
cfi=(11)
cfn=(28)
calls=1 438 
* 24
+6 1
+4 1
-4 2
+54 1
-1 1
+1 1
+45 4
cfi=(11)
cfn=(28)
calls=1 438 
* 22
+2 4
cfi=(11)
cfn=(28)
calls=1 438 
* 22
+4 4
+3 6
+3 1
+35 3
-32 1
+32 1
cfi=(11)
cfn=(28)
calls=1 438 
* 24
+7 8
fi=(20)
975 3
+3 2
+25 3
fe=(16)
1137 1
+1 1
-1 1
+1 2
+44 3
+27 2
-10 2
+1 3
+2 3
+1 2
+2 1
+1 1
-1 3
fi=(20)
997 2
810 4
cfn=(50) handle_intel.constprop.0
calls=1 255 
* 466
+1 1
-1 1
+1 1
cfn=(50)
calls=1 255 
* 533
+4 1
-4 2
+1 1
+3 1
cfn=(50)
calls=1 255 
* 483
+2 1
-2 1
+2 1
cfn=(50)
calls=1 255 
* 475
+3 1
-3 1
+1 2
+2 1
cfn=(50)
calls=1 255 
* 457
+2 1
-2 1
+2 1
cfn=(50)
calls=1 255 
* 458
+2 1
-2 1
+2 1
cfn=(50)
calls=1 255 
* 508
+2 1
-2 1
+2 1
cfn=(50)
calls=1 255 
* 499
+2 1
-2 1
+2 1
cfn=(50)
calls=1 255 
* 500
+3 1
-3 1
+3 1
cfn=(50)
calls=1 255 
* 524
+2 1
-2 1
+2 1
cfn=(50)
calls=1 255 
* 525
+2 1
-2 1
+2 1
cfn=(50)
calls=1 255 
* 526
+2 4
-2 1
+2 2
cfn=(56) get_common_cache_info.constprop.0
calls=1 571 
* 238
+93 1
-6 3
+6 1
-6 2
+6 2
-6 2
+6 3
-1 2
fe=(16)
453 6
+5 2
+1 7
786 8
+4 7
fi=(20)
906 1
fe=(16)
+40 1
-78 1
-25 3
+99 2
+3 3
-95 2
+58 2

fn=(38)
467 3
+4 4
+3 3
+5 2
-5 1
+5 1
-5 1
+4 1
+1 1
+1 4
+1 4
+1 3
+1 2
+7 2
+2 5
+5 1
-5 1
+5 1
-5 1
+5 1
-5 2
+5 1
+7 1
-7 4
+7 1
+1 3
+6 1
-6 4
+6 1
fi=(17) /usr/src/debug/glibc/glibc/elf/../sysdeps/unix/sysv/linux/x86/dl-minsigstacksize.h
24 2
+3 2
+1 2
+37 3
+7 1
+2 1
fe=(16)
526 3

fl=(14) /usr/src/debug/glibc/glibc/elf/../sysdeps/unix/sysv/linux/brk.c
fn=(30) brk
36 1
fi=(248) /usr/src/debug/glibc/glibc/elf/../sysdeps/unix/sysv/linux/brk_call.h
-12 2
fe=(14)
+13 1
+1 2
+6 1
+1 1

fl=(44) /usr/src/debug/glibc/glibc/string/strdup.c
fn=(148) strdup
40 24
+1 4
cfi=(22) /usr/src/debug/glibc/glibc/string/../sysdeps/x86_64/multiarch/../multiarch/strlen-sse2.S
cfn=(62) strlen
calls=4 +16 
* 166
* 4
fi=(249) /usr/src/debug/glibc/glibc/string/../include/rtld-malloc.h
+15 8
cfi=(27) /usr/src/debug/glibc/glibc/elf/dl-minimal-malloc.c
cfn=(78) __minimal_malloc
calls=4 -20 
* 221
fe=(44)
-12 8
+3 12
+1 12
-1 4
cfi=(29) /usr/src/debug/glibc/glibc/string/../sysdeps/x86_64/multiarch/memmove-vec-unaligned-erms.S
cfn=(82) memcpy
calls=4 210 
* 68

fl=(141) /usr/src/debug/glibc/glibc/elf/./dl-find_object.h
fn=(466) _dl_find_object_from_map
95 10
+1 10
+1 5
+6 25
+1 151
+1 104
+2 15
+5 5

fl=(232) /usr/src/debug/glibc/glibc/elf/dl-open.c
fn=(812) _dl_find_dso_for_object
214 2
+4 1
-4 5
+4 4
+1 4
+1 4
+1 2
+3 2
+4 7

fl=(13) /usr/src/debug/glibc/glibc/elf/dl-sort-maps.c
fn=(26) _dl_sort_maps_init
289 2
+1 2
-1 2
+1 2
cfi=(11)
cfn=(28)
calls=1 438 
* 24
+2 3
-1 1
+2 2

fn=(244) _dl_sort_maps
298 24
+8 2
-8 2
+8 4
+4 16
-99 2
-28 2
-2 2
+1 4
+29 2
-28 8
+1 2
-1 2
+1 2
-1 4
+1 8
-1 8
+1 8
-1 16
+28 28
+8 2
-3 2
+3 4
-3 2
+3 2
-8 2
+8 2
-1 2
+3 30
+2 10
-83 50
cfn=(246) dfs_traversal.part.0
calls=10 -5 
* 395
+86 30
+18 8
+32 8
+7 2
+27 2
-47 8
cfi=(29)
cfn=(82)
calls=2 -53 
* 38
* 2

fn=(246)
135 90
+10 10
-2 10
+2 20
+2 28
-7 34
+7 68
+9 20
+15 30
+1 10
+1 60
-17 15

fl=(61) /usr/src/debug/glibc/glibc/io/../sysdeps/unix/sysv/linux/close_nocancel.c
fn=(204) __GI___close_nocancel
25 4
+1 16
+1 4

fl=(37) /usr/src/debug/glibc/glibc/elf/dl-hwcaps.c
fn=(110) _dl_important_hwcaps
172 8
+3 1
-3 1
+3 1
-3 5
+2 1
cfi=(38) /usr/src/debug/glibc/glibc/elf/../sysdeps/x86_64/dl-hwcaps-subdirs.c
cfn=(112) _dl_hwcaps_subdirs_active
calls=1 29 
* 49
+1 1
fi=(40) /usr/src/debug/glibc/glibc/elf/./dl-hwcaps.h
43 1
fe=(37)
174 1
fi=(40)
45 2
+32 1
+1 1
+1 1
fe=(37)
-27 2
cfi=(39) /usr/src/debug/glibc/glibc/elf/dl-hwcaps_split.c
cfn=(116) _dl_hwcaps_split_masked
calls=1 -1 
* 26
* 2
fi=(40)
-9 1
+2 1
-2 1
+34 2
+1 2
+1 1
fe=(37)
-24 2
-1 2
+1 2
+1 2
+1 2
-5 4
cfi=(39)
cfn=(116)
calls=2 -1 
* 148
* 2
cfi=(39)
cfn=(116)
calls=1 -1 
* 156
* 6
+48 4
fi=(28) /usr/src/debug/glibc/glibc/elf/../include/rtld-malloc.h
-44 2
cfi=(27)
cfn=(78)
calls=1 -20 
* 30
fe=(37)
+46 2
-2 1
+2 1
+3 1
+3 1
fi=(40)
-65 1
+2 2
+1 1
fe=(37)
+66 2
cfi=(39)
cfn=(118) _dl_hwcaps_split
calls=1 -87 
* 13
* 2
fi=(40)
-69 1
+2 1
-2 1
+34 2
+1 2
+1 1
fe=(37)
+48 10
+1 4
+1 2
+1 2
-1 2
-4 4
cfi=(39)
cfn=(116)
calls=2 -74 
* 148
* 2
cfi=(39)
cfn=(116)
calls=1 -74 
* 156
* 6
+8 3
+9 5
+3 8
-2 7
+8 2
+4 2
-4 3
+4 2
cfi=(42) /usr/src/debug/glibc/glibc/string/../sysdeps/x86_64/multiarch/../multiarch/memcmp-sse2.S
cfn=(126) bcmp
calls=1 -96 
* 19
+1 2
+1 1
+4 1
+1 1
+1 1
-20 3
+19 1
+1 1
-20 3
-1 9
+47 2
-4 1
+4 1
-3 1
+7 1
-7 2
+7 1
fi=(28)
56 1
cfi=(27)
cfn=(78)
calls=1 -20 
* 30
* 1
fe=(37)
194 2
+8 1
+1 5
-1 3
+1 2
cfn=(130) copy_hwcaps
calls=1 74 
* 53
+1 5
cfn=(130)
calls=1 74 
* 401
* 1
+4 1
+1 1
-1 1
+5 2
+3 9

fn=(130)
74 10
+6 2
-6 2
+6 2
-6 6
fi=(40)
-31 2
+2 2
+32 2
+1 2
+1 6
fe=(37)
+1 4
-1 2
+1 8
cfi=(29)
cfn=(134) mempcpy
calls=2 197 
* 26
+4 2
+2 2
+2 2
-3 2
+1 4
+1 4
+1 2
-11 4
cfi=(39)
cfn=(116)
calls=2 -26 
* 148
* 4
cfi=(39)
cfn=(116)
calls=2 -26 
* 182
* 8
+13 14

fl=(70) /usr/src/debug/glibc/glibc/malloc/scratch_buffer_set_array_size.c
fn=(240) __libc_scratch_buffer_set_array_size
30 39
+4 3
+1 6
+10 6
+18 3
-17 3
+17 15

fl=(240) /usr/src/debug/glibc/glibc/elf/dl-fini.c
fn=(938) _dl_fini
26 5
+17 1
-17 6
+20 13
+3 2
cob=(2) /usr/lib/libc.so.6
cfi=(231) /usr/src/debug/glibc/glibc/nptl/pthread_mutex_lock.c
cfn=(810) pthread_mutex_lock@@GLIBC_2.2.5
calls=1 +28 
* 44
+2 1
+3 2
+2 5
+7 3
-2 1
+2 1
cfi=(48) /usr/src/debug/glibc/glibc/elf/dl-audit.c
cfn=(504) _dl_audit_activity_nsid
calls=1 -22 
* 9
+5 15
+5 1
-5 1
+5 3
+2 10
+2 10
+2 10
+1 5
+1 5
+4 5
-12 15
+14 6
+1 4
+6 6
cfi=(13)
cfn=(244)
calls=1 298 
* 398
+9 2
cob=(2)
cfi=(233) /usr/src/debug/glibc/glibc/nptl/pthread_mutex_unlock.c
cfn=(814) pthread_mutex_unlock@@GLIBC_2.2.5
calls=1 367 
* 40
+5 11
+14 5
-14 10
+2 5
+2 10
+2 20
cfi=(241) /usr/src/debug/glibc/glibc/elf/dl-call_fini.c
cfn=(940) _dl_call_fini
calls=5 -90 
* 510
+3 10
cfi=(48)
cfn=(964) _dl_audit_objclose
calls=5 -20 
* 25
* 15
+9 3
cfi=(48)
cfn=(504)
calls=1 -85 
* 9
* 2
+6 4
+2 1
-2 2
+6 2
+7 8
-77 2

fl=(42)
fn=(126)
59 1
+12 1
+1 1
+22 1
+1 1
+45 1
+1 1
+2 1
+1 1
+2 1
+1 1
+2 1
+1 1
+47 1
+1 1
+1 1
+1 1
+1 1
+1 1

fl=(9) /usr/src/debug/glibc/glibc/elf/../sysdeps/unix/sysv/linux/dl-sysdep.c
fn=(16) _dl_sysdep_start
103 5
+4 1
-4 1
+1 1
+3 1
cfn=(18) _dl_sysdep_parse_arguments
calls=1 -28 
* 465
+4 2
cfi=(11)
cfn=(22) __GI___tunables_init
calls=1 294 
* 17302
+3 1
cfi=(13)
cfn=(26)
calls=1 289 
* 38
+2 2
cfi=(14)
cfn=(30)
calls=1 -80 
* 8
fi=(6) /usr/src/debug/glibc/glibc/elf/../sysdeps/x86_64/dl-machine.h
+93 1
cfi=(15) /usr/src/debug/glibc/glibc/elf/../sysdeps/x86/dl-get-cpu-features.c
cfn=(34) _dl_x86_init_cpu_features
calls=1 37 
* 7459
fe=(9)
-86 3
+1 1
cfi=(22)
cfn=(62)
calls=1 -67 
* 17
* 1
+2 2
cfi=(23) /usr/src/debug/glibc/glibc/elf/../misc/sbrk.c
cfn=(64) sbrk
calls=1 -89 
* 16
* 3
+12 3
+3 5
cfi=(2) /usr/src/debug/glibc/glibc/elf/rtld.c
cfn=(66) dl_main
calls=1 1348 
* 274147
+3 4

fn=(18)
79 1
+2 1
-2 8
+1 1
+1 1
-1 1
+2 2
+2 1
-2 1
+2 1
-1 56
+1 112
+7 56
fi=(10) /usr/src/debug/glibc/glibc/elf/../sysdeps/unix/sysv/linux/dl-parse_auxv.h
-50 1
fe=(9)
+46 1
fi=(10)
-55 1
fe=(9)
+55 1
fi=(10)
-55 1
+1 1
+1 1
+7 3
+1 44
+1 44
-2 89
fe=(9)
+53 1
+1 1
+1 1
fi=(10)
-50 1
+1 2
+1 1
+1 1
+1 1
+1 1
+1 1
+1 1
+1 1
+2 1
-7 1
+1 1
+1 1
-4 1
+1 1
+4 1
+1 1
+3 1
-11 1
+1 1
+8 1
fe=(9)
+41 1
-1 1
+2 1
+1 8

fn=(502) _dl_sysdep_start_cleanup
148 1
+1 1

fl=(43) /usr/src/debug/glibc/glibc/string/../sysdeps/x86_64/multiarch/../multiarch/memset-vec-unaligned-erms.S
fn=(138) memset
137 7
+1 35
+5 7
+1 7
+3 4
+1 4
+88 4
+1 4
+12 4
+3 4
+1 4
+12 4
+1 4
+13 4
+1 4
+2 4
+3 3
+3 6
+3 3
+1 3
+1 3
+1 3
+1 3
+1 3
+1 3
-6 39
+1 39
+1 39
+1 39
+1 39
+1 39
+1 39
+3 4
+1 4
+1 4
+1 4
+5 4
+46 3
+2 3
+1 3
+39 3
+1 3
+2 3

fl=(41) /usr/src/debug/glibc/glibc/string/../sysdeps/x86_64/multiarch/../multiarch/strchr-sse2.S
fn=(122) index
32 20
+1 20
+1 20
+1 20
+1 20
+1 20
+1 20
+1 20
+1 20
+1 20
+1 20
+1 20
+1 20
+1 20
+1 20
+1 20
+1 20
+1 20
+1 15
+4 15
+1 15
+1 15
+1 15
+2 15
+4 5
+1 5
+1 5
+1 5
+1 5
+1 5
+1 5
+1 5
+1 5
+1 5
+1 5
+1 5
+1 5
+1 5
+1 5
+1 5
+1 5
+1 5
+1 5
+1 5
+1 5
+1 5
+1 5
+1 7
+5 1
+1 1
+3 1
+1 1
+1 1
+1 1
+1 1
+1 1
+1 1
+1 1
+1 1
+1 1
+1 1
+1 1
+1 1
+1 1
+1 1
+1 1
+1 1
+1 1
+2 1
+1 1
+2 1
+1 1
+1 1
+1 1
+1 1
+1 1
+1 1
+1 1
+2 1
+1 1
+1 1
+1 1
+1 1
+1 1
+1 1
+1 1
+1 1
+1 1
+3 1
+4 1
+1 1
+1 1
+1 1
+2 1
-9 4
+4 4
+1 4
+1 4
+1 4
+2 4

fl=(144) /usr/src/debug/glibc/glibc/elf/../sysdeps/nptl/dl-mutex.c
fn=(480) __rtld_mutex_init
30 2
+10 3
-10 3
+10 1
-10 1
+10 1
-10 1
+7 1
+3 2
cfi=(145)
cfn=(482)
calls=1 +34 
* 257
+4 2
+1 8
+2 3
-2 1
+2 3
cfi=(145)
cfn=(482)
calls=1 +27 
* 247
+4 2
+1 7
+1 6

fl=(54) /usr/src/debug/glibc/glibc/io/../sysdeps/unix/sysv/linux/read_nocancel.c
fn=(186) __read_nocancel
25 3
+1 12
+1 3

fl=(153) /usr/src/debug/glibc/glibc/elf/dl-init.c
fn=(520) call_init
29 12
-2 72
+8 18
+2 12
+6 5
+3 5
-3 10
+3 10
+5 8
+8 12
+1 12
cob=(3) ???
cfi=(154) ???
cfn=(544) 0x0000000004881000
calls=1 -60 
* 7
cob=(3)
cfi=(154)
cfn=(522) 0x0000000004839000
calls=1 -60 
* 7
+3 4
+1 8
+6 6
+2 6
-2 3
+3 21
+1 12
cob=(5) /usr/lib/libgcc_s.so.1
cfi=(164) ???
cfn=(554) 0x0000000000005410
calls=1 -74 
* 12
cob=(2)
cfi=(160) /usr/src/debug/glibc/glibc/libio/stdfiles.c
cfn=(542) _IO_stdfiles_init
calls=1 -10 
* 22
cob=(2)
cfi=(159) /usr/src/debug/glibc/glibc/libio/vtables.c
cfn=(540) check_stdfiles_vtables
calls=1 545 
* 12
* 12
cob=(5)
cfi=(161) /usr/src/debug/gcc/gcc/libgcc/config/i386/cpuinfo.c
cfn=(548) __cpu_indicator_init@GCC_4.8.0
calls=1 -14 
* 364
cob=(2)
cfi=(156) /usr/src/debug/glibc/glibc/csu/init-first.c
cfn=(532) _init_first
calls=1 -28 
* 72
cob=(4) /usr/lib/valgrind/vgpreload_core-amd64-linux.so
cfi=(155) ???
cfn=(526) 0x00000000000010e0
calls=1 -74 
* 12
-1 18
+3 48
-29 2

fn=(518) _dl_init
81 13
+1 1
+1 1
+3 3
+8 2
+25 1
+1 5
+1 5
-1 1
+1 1
cfn=(520)
calls=1 -92 
* 41
* 20
-1 4
+1 4
cfn=(520)
calls=4 -92 
* 699
-1 10
+7 8
-22 1
-17 1
cfn=(520)
calls=1 -59 
* 84
+1 3

fl=(140) /usr/src/debug/glibc/glibc/elf/dl-find_object.c
fn=(464) _dl_find_object_init
562 2
+3 1
-3 3
+5 2
+13 1
cfn=(468) _dlfo_process_initial
calls=1 475 
* 96
+1 1
-1 1
+1 1
fi=(28)
56 1
cfi=(27)
cfn=(78)
calls=1 -20 
* 30
fe=(140)
581 1
fi=(28)
56 1
fe=(140)
583 2
+3 2
+5 1
+1 1
cfn=(468)
calls=1 475 
* 364
+3 3
+10 4
-37 2
cfi=(141)
cfn=(466)
calls=1 95 
* 73
* 1
+29 2
cfn=(470) _dlfo_sort_mappings
calls=1 -60 
* 131
+3 6
+2 1

fn=(468)
475 2
+3 2
-3 6
+1 2
+3 4
+26 14
+1 6
+1 10
-1 20
+3 36
+3 32
-7 8
+27 2
-2 2
+2 6
-18 24
+3 8
-1 8
cfi=(141)
cfn=(466)
calls=4 95 
* 252
+2 16

fn=(470)
537 1
+1 2
+3 4
+4 1
+1 1
-1 1
+1 2
-1 2
+1 2
-1 2
+1 13
+1 30
+3 3
-1 3
-3 18
+8 9
+1 6
-1 3
-13 6
+14 9
+1 6
-15 6
+17 1

fl=(7) /usr/src/debug/glibc/glibc/elf/dl-minimal.c
fn=(476) lookup_malloc_symbol
61 8
+3 4
-3 12
+3 4
-3 12
+3 4
-3 4
+2 4
+1 16
cfi=(77) /usr/src/debug/glibc/glibc/elf/dl-lookup.c
cfn=(288) _dl_lookup_symbol_x
calls=4 772 
* 2401
+4 28
+1 28
+2 4
fi=(143) /usr/src/debug/glibc/glibc/elf/./dl-sym-post.h
-30 8
+12 12
fe=(7)
+19 28

fn=(142) strsep
239 2
+3 4
+2 2
+1 4
+4 3
-2 2
+4 128
+5 384
-2 256
+13 1
+4 4
-22 64
+15 64
-15 130

fn=(472) __rtld_malloc_init_real
76 2
+10 1
fi=(142) /usr/src/debug/glibc/glibc/elf/../sysdeps/generic/dl-hash.h
-41 1
-1 1
fe=(7)
+32 8
+11 1
-1 1
fi=(142)
-43 7
+5 3
+14 4
-17 3
+3 15
+14 20
-17 15
fe=(7)
+46 2
fi=(142)
-24 1
fe=(7)
+22 1
+2 2
fi=(142)
-19 1
fe=(7)
+19 1
cfn=(476)
calls=1 -30 
* 619
+1 3
-1 1
+1 1
cfn=(476)
calls=1 -31 
* 656
+1 3
-1 1
+1 1
cfn=(476)
calls=1 -32 
* 674
+1 3
-1 1
+1 1
cfn=(476)
calls=1 -33 
* 628
+5 1
+1 1
+1 1
+1 1
+1 8

fn=(12) __rtld_malloc_init_stubs
42 1
+1 2
+1 2
+1 2
+1 2
+1 1

fl=(53) /usr/src/debug/glibc/glibc/io/../sysdeps/unix/sysv/linux/open64_nocancel.c
fn=(184) __open_nocancel
28 16
+3 8
-3 16
+3 48
+8 56
+2 8
-2 12
+2 8

fl=(65) /usr/src/debug/glibc/glibc/io/../sysdeps/unix/sysv/linux/fstatat64.c
fn=(222) fstatat
146 6
-55 6
+70 7
+1 1
-2 4
+1 4

fl=(49) /usr/src/debug/glibc/glibc/string/../string/strcspn.c
fn=(166) strcspn
32 6
+1 3
+1 2
+5 6
+1 4
+1 4
+1 4
+2 1
+3 3
+1 2
-1 6
+1 4
+3 4
+1 4
+1 4
+1 4
+2 4
+6 1
-1 1
+1 1
+2 2
-1 2
+2 1
+2 6
-5 11
-1 11
+1 11
+2 22
-1 22
+2 11
+2 66
+2 1
+1 4
+1 3

fl=(46) /usr/src/debug/glibc/glibc/elf/../elf/dl-tls.c
fn=(236) _dl_assign_tls_modid
150 2
+3 4
-3 4
+3 2
+53 2
+2 2
+3 2
+1 4

fn=(264) _dl_allocate_tls_storage
442 7
+2 1
+11 1
88 1
459 1
fi=(28)
56 1
cfi=(27)
cfn=(78)
calls=1 -20 
* 85
fe=(46)
460 2
+11 5
+5 1
-5 1
+1 1
+4 304
+19 1
+2 2
cfn=(266) allocate_dtv
calls=1 385 
* 61
+1 2
94 1
503 6

fn=(260) _dl_tls_static_surplus_init
122 2
+3 1
-3 3
+3 1
-3 1
+3 1
-3 1
+3 1
-3 1
+3 1
cfi=(11)
cfn=(28)
calls=1 438 
* 23
* 1
+1 4
cfi=(11)
cfn=(28)
calls=1 438 
* 23
+1 1
+2 1
-3 1
+1 2
+2 3
+3 1
+2 1
-26 3
+28 3
+1 6

fn=(266)
385 1
fi=(28)
44 1
fe=(46)
385 4
+5 1
+4 1
+1 1
fi=(28)
44 1
cfi=(27)
cfn=(74) __minimal_calloc
calls=1 +36 
* 41
fe=(46)
396 2
+3 1
+6 3
+6 4

fn=(460) _dl_add_to_slotinfo
1099 24
+9 3
-9 3
+6 3
+4 3
+4 9
+36 6
+3 6
+1 9
+3 18

fn=(262) _dl_determine_tlsoffset
241 9
+6 4
+3 3
+36 4
+2 1
-2 1
-2 1
-40 1
-1 1
-1 1
+46 2
+23 9
+3 3
-3 15
+2 6
+4 1
-1 1
+1 1
+2 1
-33 2
+20 1
-20 5
+33 2
-33 4
+20 2
-20 10
+2 6
+3 3
-1 3
+5 6
-5 3
+1 3
-1 3
+3 6
+2 9
+32 2
-1 1
+53 1
-52 5
+2 2
+51 8

fn=(156) _dl_count_modids
217 1
+2 2
+1 1
+15 2

fn=(462) _dl_allocate_tls_init
558 11
+1 2
+4 1
+6 1
-6 1
+6 1
cfi=(24) /usr/src/debug/glibc/glibc/elf/../sysdeps/nptl/dl-tls_init_tp.c
cfn=(88) rtld_mutex_dummy
calls=1 42 
* 3
+3 3
-6 1
+18 1
-19 1
+43 2
-19 12
+9 9
+1 6
+6 9
+3 3
-2 3
+2 3
-2 3
+2 12
+4 3
-4 3
+4 3
-1 6
+4 6
+1 12
+2 6
+1 6
+17 3
-8 3
+8 6
+2 9
cfi=(29)
cfn=(134)
calls=3 197 
* 39
* 15
cfi=(43)
cfn=(138)
calls=3 137 
* 74
+6 3
-55 12
+6 8
+55 2
cfi=(24)
cfn=(88)
calls=1 42 
* 3
+3 2
+3 9

fn=(268) _dl_tls_initial_modid_limit_setup
1081 1
+1 1
+2 4
+6 6
-6 9
+2 12
+1 8
+6 1
+1 1

fl=(15)
fn=(34)
37 1
+2 3
+2 1
cfi=(16)
cfn=(36)
calls=1 751 
* 7454

fn=(486) __x86_cpu_features
76 1
-37 3
+37 2

fl=(77)
fn=(292) do_lookup_x
347 2025
+1 225
-1 900
+6 225
-6 225
+7 225
+11 450
fi=(79) /usr/src/debug/glibc/glibc/elf/../sysdeps/generic/dl-protected.h
29 450
fe=(77)
365 450
+31 2655
+8 885
-4 885
+1 885
+3 3540
+1 1770
+3 885
-3 885
+4 1770
+3 885
+4 885
-4 885
+1 885
-2 885
+5 2655
+3 6195
+99 2010
358 1770
+3 1770
+4 1770
+21 1770
+4 1770
fi=(4) /usr/src/debug/glibc/glibc/elf/../sysdeps/generic/ldsodefs.h
139 430
+1 645
fe=(77)
476 430
fi=(79)
29 430
fe=(77)
483 1576
+16 430
+1 215
+22 215
-21 215
+21 1505
-99 654
-1 436
+2 436
+2 215
+6 860
-6 215
+6 1290
+7 660
-10 2175
+2 220
+1 660
-1 220
+1 440
-1 220
+1 220
+1 220
-1 220
+1 220
-1 1540
cfn=(294) check_match
calls=220 70 
* 27619
+4 660
+3 10
+48 108
+35 10
-1 10
+1 70
-69 1720

fn=(294)
70 3300
+3 1320
+13 220
-13 220
+13 220
-13 220
+13 660
+3 936
cfi=(32)
cfn=(96)
calls=124 +9 
* 6357
* 248
+4 220
+1 440
+2 436
+19 436
+1 1744
+2 10
+44 215
-1 215
+1 1505
-18 4
+2 4
+1 2
-1 4
+1 6
-1 4
-68 5
+84 40
-45 639
cfi=(32)
cfn=(96)
calls=213 -19 
* 7563
* 426

fn=(288)
772 1350
+2 225
-2 675
+2 225
-2 900
fi=(78) /usr/src/debug/glibc/glibc/elf/../sysdeps/generic/dl-new-hash.h
74 225
+3 450
-8 225
+1 450
+10 225
+1 450
-1 1365
+1 2730
+20 1488
-2 1488
+6 1488
-3 2976
+2 1488
-30 1488
+3 2976
fe=(77)
774 225
+4 225
-4 225
+8 876
+9 213
-7 213
+1 213
+6 426
-6 213
+6 876
-15 225
+15 225
-15 1800
+15 50
+1 3375
cfn=(292)
calls=225 347 
* 90889
* 1125
+28 225
-28 675
+28 225
-23 450
-5 215
+29 1485
+35 1935
+14 645
+3 430
-57 450
+76 2025
fi=(78)
87 102
+1 102
+1 204
+1 102
fe=(77)
791 12
-6 12
+6 24
-6 12
+6 24
-7 24
+37 8
+50 2
-72 60
+18 30
+63 40

fl=(241)
fn=(940)
24 40
+4 10
+6 5
-2 5
+3 10
+3 3
+1 3
-1 3
+1 6
+3 12
+1 3
cob=(5)
cfi=(245) /usr/src/debug/gcc/gcc/libgcc/unwind-dw2-fde.c
cfn=(982) release_registered_frames
calls=1 +15 
* 42
cob=(4)
cfi=(155)
cfn=(966) 0x0000000000001090
calls=1 -43 
* 96
cob=(6) /home/myo/coding/mini-haskell/runner/target/release/runner
cfi=(165) ???
cfn=(942) 0x00000000000242c0
calls=1 -43 
* 96
* 1
cob=(5)
cfi=(164)
cfn=(986) 0x00000000000053c0
calls=1 -43 
* 96
-1 16
+5 5
+1 10
+1 6
+1 15
-1 3
cob=(3)
cfi=(154)
cfn=(1000) 0x00000000048a4168
calls=1 -49 
* 4
cob=(3)
cfi=(154)
cfn=(980) 0x0000000004839274
calls=1 -49 
* 4
cob=(3)
cfi=(154)
cfn=(962) 0x000000000028586c
calls=1 -49 
* 4
+1 12

fl=(66) /usr/src/debug/glibc/glibc/elf/dl-cache.c
fn=(506) _dl_unload_cache
509 1
+1 4
-1 1
+3 1
-3 1
+3 1
cfi=(139) /usr/src/debug/glibc/glibc/misc/../sysdeps/unix/syscall-template.S
cfn=(508) munmap
calls=1 117 
* 6
+7 1
-6 1
+4 1
+2 1

fn=(224) _dl_load_cache_lookup
387 12
+2 4
+3 6
+69 3
+5 6
+3 10
cfn=(230) search_cache
calls=2 199 
* 2570
* 2
+15 4
+4 4
+8 4
cfi=(22)
cfn=(62)
calls=2 57 
* 70
+1 2
-1 2
+1 24
+1 4
-1 2
+1 2
cfi=(29)
cfn=(82)
calls=2 210 
* 22
* 2
+1 2
cfi=(44)
cfn=(148)
calls=2 40 
* 291
+1 6
395 5
cfi=(52) /usr/src/debug/glibc/glibc/elf/dl-misc.c
cfn=(226) _dl_sysdep_read_whole_file
calls=1 36 
* 103
* 1
+8 6
+1 6
+93 4
-93 2
+3 4
+1 1
-1 2
fi=(67) /usr/src/debug/glibc/glibc/elf/../sysdeps/generic/dl-cache.h
194 1
+1 5
fe=(66)
415 1
+1 2

fn=(232) _dl_cache_libcmp
341 24
+1 81
+4 133
-2 133
+2 133
-2 266
+20 260
+2 260
-24 109
+28 109
+1 109
-29 218
+32 9
-28 6
+8 3
-2 6
+1 6
+1 6
-2 3
+2 3
+2 9
-3 3
+3 3
+2 6
+9 42

fn=(230)
199 22
+8 4
+3 10
-10 4
333 8
207 16
+2 105
+1 21
-23 42
+23 21
+4 42
+4 84
cfn=(232)
calls=21 341 
* 1625
+1 42
330 19
+1 11
207 22
+8 26
+14 6
+3 6
+2 12
cfn=(232)
calls=3 341 
* 315
* 6
+2 1
-9 12
+9 6
+37 2
-37 4
+37 10
-27 4
+10 6
+1 8
+7 4
+9 2
fi=(67)
125 2
fe=(66)
273 8
+9 4
+5 4
+27 6
+23 18

fl=(64) /usr/src/debug/glibc/glibc/io/../sysdeps/unix/sysv/linux/stat64.c
fn=(220) stat
28 6
+1 12
cfi=(65)
cfn=(222)
calls=3 146 
* 28

fl=(68) /usr/src/debug/glibc/glibc/misc/../sysdeps/unix/sysv/linux/setvmaname.c
fn=(234) __set_vma_name
33 2
+2 7
-2 4
+7 1
-7 2
+7 1
-7 2
+7 1
-7 1
+7 1
cfi=(11)
cfn=(28)
calls=1 438 
* 24
* 3
+7 1
+2 6

fl=(29)
fn=(134)
197 19
+1 19
+1 19
+1 19
+17 19
+1 19
+2 10
+1 10
+1 10
+2 6
+1 6
+1 6
+2 6
+80 9
+1 9
+2 3
+4 3
+1 3
+1 3
+8 3
+39 6
+1 6
+1 6
+1 6
+1 6
+7 1
+1 1
+1 1
+1 1
+1 1
+1 1
+1 1
+11 4
+1 4
+2 4
+1 4
+1 4
+2 3
+1 3
+1 3
+1 3
+1 3
+1 3
+1 3
+1 3
+1 3
+1 3
+1 3
+1 3
+1 3
+1 3
+1 3

fn=(82)
210 21
+1 21
+6 21
+1 21
+2 16
+1 16
+1 16
+2 8
+1 8
+1 8
+2 8
+80 5
+1 5
+2 1
+4 1
+1 1
+1 1
+1 1
+1 1
+4 1
+2 1
+39 4
+1 4
+1 4
+1 4
+1 4
+7 6
+1 6
+1 6
+1 6
+1 6
+1 6
+1 6
+11 8
+1 8
+2 8
+1 8
+1 8
+2 2
+1 2
+1 2
+1 2
+1 2
+1 2
+1 2
+1 2
+1 2
+1 2
+1 2
+1 2
+1 2
+1 2
+1 2

fl=(20)
fn=(52) intel_check_word.constprop.0
123 48
-4 72
+10 24
-10 120
+10 48
-10 24
+10 48
+2 48
+71 48
fi=(21) /usr/src/debug/glibc/glibc/elf/../bits/stdlib-bsearch.h
32 24
fe=(20)
202 120
-71 96
+2 60
+2 120
+8 120
+51 96
+22 48
fi=(21)
28 48
-1 96
+2 216
+2 168
+1 84
fe=(20)
+78 168
+3 324
fi=(21)
-78 264
-6 528
+2 480
+1 240
fe=(20)
+78 480
+15 12
246 144
fi=(21)
37 120
fe=(20)
155 36
+3 36
+9 12
-12 12
+12 12
+1 24
+1 24
+1 24
-18 24
+12 24
+1 24
+22 21
-32 63
+3 63
+4 64
+2 128
+3 58
+1 50
+1 38
+1 24
+2 11
+2 22
+6 14
+3 8
+1 12
-8 4
+2 4
+1 4
-2 4
-1 4
+2 8
-2 4
+3 4
-2 12
+2 12
+11 2
-9 12

fn=(50)
255 24
-5 12
+17 12
-17 96
+11 12
+1 12
+5 36
+4 24
+34 96
-29 12
+3 24
-3 12
+3 36
cfn=(52)
calls=12 123 
* 4092
+2 24
+3 60
cfn=(52)
calls=12 123 
* 1346
+2 24

fn=(56)
571 11
+47 1
-29 1
-3 1
+32 1
-17 2
-11 1
+28 2
+4 2
-26 1
+31 1
-14 1
+17 1
-32 1
+32 1
-32 1
+32 1
-32 1
+32 2
-32 1
+32 3
+10 26
+14 2
+4 1
+3 1
+1 1
-4 2
+3 3
+6 2
-37 12
+6 6
-6 3
+6 2
+1 8
770 4
+1 5
+4 2
+7 1
+1 1
+1 1
+1 7
645 2
+4 1
+1 1
-1 2
+18 2
-69 11
+75 4
+8 1
+2 1
-2 5
+2 2
-2 2
+22 2
-16 1
+16 5
+5 3
-21 3
+3 1
+1 2
-4 3
+3 1
+1 6
+2 4
+3 2
+5 1
+2 2
+1 1
+1 1
-2 2
+1 1
-19 9
+46 2
+2 1
-1 1
+1 2
+2 2
-1 2
+25 3
-48 2
-7 1
+11 2
+3 1
+2 4
+1 2
+5 2

fl=(38)
fn=(112)
29 1
fi=(18)
+2 1
fe=(38)
+7 1
fi=(18)
-8 4
fe=(38)
+22 1
fi=(18)
-20 3
+4 1
fe=(38)
+2 1
fi=(18)
-2 2
+3 4
+1 4
+5 1
fe=(38)
-7 1
fi=(18)
+7 3
fe=(38)
-2 1
fi=(18)
+5 2
+3 5
+2 4
+1 2
+1 2
+3 1
fe=(38)
-10 1
fi=(18)
+10 3
fe=(38)

fl=(50) /usr/src/debug/glibc/glibc/elf/dl-catch.c
fn=(172) _dl_catch_exception
208 42
58 7
208 14
+3 14
+21 7
+1 14
-1 7
58 14
239 21
cfi=(51) /usr/src/debug/glibc/glibc/setjmp/../sysdeps/x86_64/setjmp.S
cfn=(174) __sigsetjmp
calls=7 31 
* 168
* 21
+2 21
cfi=(63) /usr/src/debug/glibc/glibc/elf/dl-deps.c
cfn=(214) openaux
calls=6 61 
* 11988
cfi=(2)
cfn=(176) map_doit
calls=1 641 
* 2619
69 7
+1 7
-1 7
+1 7
243 28
-25 7
+34 21
59 14
+11 21

fn=(248) _dl_receive_error
190 2
58 1
190 4
+2 1
-2 1
58 1
+1 1
+11 1
196 1
+2 1
cfi=(2)
cfn=(250) version_check_doit
calls=1 674 
* 12237
69 2
+1 1
202 1
-1 1
+1 3

fn=(170) _dl_catch_error
258 6
+2 1
-2 6
+2 1
cfn=(172)
calls=1 -52 
* 2686
+1 2
+1 1
+1 1
-1 1
+1 1
+2 6

fl=(146) /usr/src/debug/glibc/glibc/elf/dl-call-libc-early-init.c
fn=(488) _dl_call_libc_early_init
27 1
+2 2
-2 1
+6 3
-6 3
+6 1
-6 2
+6 1
cfi=(145)
cfn=(482)
calls=1 +41 
* 241
+4 2
+2 3
+2 1
-1 1
-1 1
+2 2
-1 1
cob=(2)
cfi=(147) /usr/src/debug/glibc/glibc/elf/libc_early_init.c
cfn=(490) __libc_early_init
calls=1 -7 
* 334

fl=(27)
fn=(78)
36 232
+1 87
+11 84
+3 28
-3 28
+3 56
-3 2
+3 1
-3 1
+3 110
+19 29
+1 29
+2 174
-17 8
+1 4
+2 2
+1 14
cfi=(58) /usr/src/debug/glibc/glibc/misc/../sysdeps/unix/sysv/linux/mmap64.c
cfn=(196) mmap
calls=2 -13 
* 52
* 2
+2 4
+2 8
cfi=(68)
cfn=(234)
calls=2 -31 
* 56
+1 6
+2 2
+4 2
-4 4
-24 1
-1 1
+1 1
+1 2
-2 2

fn=(152) __minimal_free
97 1
+2 4

fn=(74)
80 10
+4 10
-4 40
+7 10
+1 30
fi=(28)
-32 10
cfi=(27)
cfn=(78)
calls=10 -20 
* 306
fe=(27)

fl=(22)
fn=(62)
57 20
+44 20
+1 20
+1 20
+1 20
+1 20
+1 20
+1 20
+2 20
+2 20
+31 20
+1 20
+1 20
+1 20
+1 20
+1 8
+2 8
+4 12
+1 12
+1 12
+1 12
+1 12
+1 12
+1 12
+1 12
+1 12
+1 12
+1 12
+1 12
+5 90
+74 3
+1 3
+1 3
+1 3
+1 3
+1 3
+1 3
+1 3
+16 3
+2 3
+1 42
+2 3
+1 3
+1 3
+2 3

fl=(39)
fn=(124) _dl_hwcaps_contains
66 6
+1 12
+1 6
+9 6

fn=(116)
51 66
+3 22
cfn=(118)
calls=11 -29 
* 500
* 6
cfn=(118)
calls=3 -29 
* 189
* 28
+2 9
+1 27
+1 42
cfn=(124)
calls=6 +8 
* 30
* 12
+4 33

fn=(118)
25 75
+1 45
+4 36
+4 60
+1 12
-1 24
+2 24
+5 27
cfi=(41)
cfn=(122)
calls=9 -9 
* 216
+4 18
-3 18
+1 9
+3 9
+1 42
-20 6
+20 18
-4 6
cfi=(22)
cfn=(62)
calls=3 +14 
* 51
* 6

fl=(23)
fn=(64)
37 4
+3 1
-3 2
+21 2
+4 2
+16 5

fl=(11)
fn=(28)
438 36
+3 72
-3 36
+3 288
+9 33
-9 66
+19 22
+7 216
+2 36
-19 14
+1 14
+9 6

fn=(58)
162 6
+1 36
+2 6
cfn=(60) do_tunable_update_val
calls=6 -95 
* 222

fn=(60)
70 6
+3 6
-3 6
+3 24
+21 6
+1 6
-1 18
+1 24
fi=(12) /usr/src/debug/glibc/glibc/elf/dl-tunables.h
+47 12
fe=(11)
-44 12
+3 12
+4 12
+8 12
+3 6
+1 6
+1 6
+1 12
-36 6
+18 18
+11 12

fn=(22)
294 1
+6 3
-6 1
+10 2
-10 3
+10 1
-10 4
+10 1
-10 2
+10 28
43 285
+6 56
-3 56
+3 5327
+4 112
+4 112
fi=(12)
160 56
fe=(11)
57 112
fi=(12)
161 114
-1 62
+1 170
fe=(11)
319 336
+1 168
+2 168
-3 2688
+1 1344
+2 1344
-5 1568
fi=(12)
160 563
+1 2252
-1 295
fe=(11)
340 6
+3 27
+3 27
+9 8

fl=(69) /usr/src/debug/glibc/glibc/io/../sysdeps/unix/sysv/linux/pread64_nocancel.c
fn=(238) __pread64_nocancel
25 4
+1 8
+1 2

fl=(52)
fn=(226)
36 2
+3 1
-3 7
+3 1
-3 2
+3 1
cfi=(53)
cfn=(184)
calls=1 -11 
* 20
+1 2
+23 8
-21 4
cfi=(56) /usr/src/debug/glibc/glibc/io/../sysdeps/unix/sysv/linux/fstat64.c
cfn=(192) fstat
calls=1 -12 
* 6
* 2
+2 2
+3 2
+13 2
cfi=(61)
cfn=(204)
calls=1 -35 
* 6
* 1
-11 6
cfi=(58)
cfn=(196)
calls=1 -2 
* 26
* 2

fn=(180) _dl_name_match_p
68 322
+1 92
cfi=(32)
cfn=(96)
calls=46 +29 
* 1376
* 92
+3 46
+2 92
+6 46
-6 92
+1 168
cfi=(32)
cfn=(96)
calls=56 +23 
* 1999
* 112
+8 10
-13 10
+13 66
-1 36
+1 108

fl=(2)
fn=(164) handle_preload_list
871 11
+5 1
-5 2
+5 2
-4 2
+10 2
+7 1
183 1
891 2
183 2
893 2
+1 4
cfn=(168) do_preload
calls=1 -88 
* 2743
* 1
-18 2
+3 3
cfi=(49)
cfn=(166)
calls=1 32 
* 241
* 1
+1 3
+2 4
cfi=(29)
cfn=(82)
calls=1 210 
* 19
+1 2
+14 9

fn=(176)
641 2
+2 1
-2 4
+2 1
+1 2
-1 2
+1 3
cfi=(30) /usr/src/debug/glibc/glibc/elf/dl-load.c
cfn=(178) _dl_map_object
calls=1 1903 
* 2600
* 1
+2 3

fn=(2) _dl_start
517 16
85 1
547 4
85 1
543 1
85 1
546 1
85 1
fi=(3) /usr/src/debug/glibc/glibc/elf/./get-dynamic-info.h
-40 1
fe=(2)
546 1
fi=(3)
45 2
+23 17
-23 68
+4 34
+3 5
-1 10
+3 20
+1 16
+1 5
fi=(4)
+23 1
fi=(3)
+31 1
-38 3
+12 3
+1 3
+1 4
+1 4
+1 5
+1 3
+1 4
+1 4
+12 7
+7 2
-51 4
+64 3
+6 3
+1 3
+3 2
+1 3
+5 5
+3 5
fe=(2)
563 141
fi=(4)
79 1
fe=(2)
563 3
fi=(4)
79 2
fe=(2)
563 25
fi=(6)
277 2
fe=(2)
563 1
fi=(5) /usr/src/debug/glibc/glibc/elf/do-rel.h
49 1
+4 1
-5 1
+1 3
+4 7
+3 2
fe=(2)
563 1
fi=(5)
49 1
+4 1
-5 1
+1 3
+4 7
+3 2
+7 1
+2 1
-2 2
fi=(6)
268 1
fi=(5)
64 2
fi=(6)
268 2
+9 8
+3 2
+1 2
+26 4
fi=(5)
61 7
fe=(2)
563 6
fi=(5)
51 1
fi=(4)
+28 2
fi=(3)
-17 4
+2 4
fe=(2)
563 39
+2 1
+13 1
cfi=(7)
cfn=(12)
calls=1 42 
* 10
458 2
85 1
476 2
85 3
476 1
cfi=(8) /usr/src/debug/glibc/glibc/elf/dl-setup_hash.c
cfn=(14) _dl_setup_hash
calls=1 25 
* 27
+2 1
+16 2
-17 1
+11 1
-10 1
+16 1
cfi=(9)
cfn=(16)
calls=1 103 
* 299489
* 1
+2 2
+89 9
fi=(3)
103 3
fe=(2)

fn=(168)
806 1
+12 1
-12 3
+12 1
-12 1
+12 1
-12 3
+6 1
+6 1
-2 1
-3 1
+5 1
-10 1
+6 1
+4 1
cfi=(50)
cfn=(170)
calls=1 258 
* 2712
+1 3
+8 3
+6 6

fn=(258) init_tls
734 1
+6 1
-6 3
+2 2
+4 2
+11 1
fi=(28)
44 1
fe=(2)
746 1
+4 1
fi=(28)
44 1
cfi=(27)
cfn=(74)
calls=1 +36 
* 41
fe=(2)
761 1
-12 1
+6 1
-9 1
+11 1
+4 1
+2 3
-1 4
+3 10
+4 3
+2 3
-2 6
-5 3
-1 6
+1 2
-1 4
+10 3
+3 2
cfi=(46)
cfn=(260)
calls=1 122 
* 86
+3 1
cfi=(46)
cfn=(262)
calls=1 241 
* 152
+7 1
cfi=(46)
cfn=(264)
calls=1 442 
* 484
* 1
+1 2
+4 1
cfi=(46)
cfn=(268)
calls=1 1081 
* 43
+4 1
fi=(73) /usr/src/debug/glibc/glibc/elf/../sysdeps/generic/dl-call_tls_init_tp.h
31 2
fe=(2)
795 1
fi=(73)
31 6
+2 1
cfi=(24)
cfn=(272) __tls_init_tp
calls=1 +33 
* 81
fe=(2)
802 1
-3 1
+3 4

fn=(66)
1348 2
197 1
1348 11
199 1
302 1
+1 1
197 1
+99 3
1360 1
cfi=(24)
cfn=(68) __tls_pre_init_tp
calls=1 51 
* 17
2764 3
2541 1
2764 2
2612 1
+2 2
+15 2
-13 2
cfi=(25) /usr/src/debug/glibc/glibc/elf/dl-environ.c
cfn=(70) _dl_next_ld_env_entry
calls=1 28 
* 119
* 4
cfi=(25)
cfn=(70)
calls=2 28 
* 245
* 9
+4 6
-2 2
+2 6
+1 2
-1 6
+1 17
-1 89
+9 12
2741 3
1376 1
+1 2
-1 2
+1 2
2701 3
-47 2
+10 2
1640 9
cfi=(26) /usr/src/debug/glibc/glibc/elf/dl-object.c
cfn=(72) _dl_new_object
calls=1 59 
* 296
* 1
+2 2
+1 1
+1 1
+5 2
-5 1
+1 3
+4 1
cfi=(26)
cfn=(86) _dl_add_to_namespace_list
calls=1 31 
* 42
+1 2
1118 1
-1 1
1353 1
1145 1
-21 1
+2 1
+19 1
-18 1
+18 1
-21 1
+21 2
+57 1
-57 1
-25 1
+22 1
+4 2
+19 1
+37 2
-37 1
+37 1
-56 73
+56 4
-1 4
+1 8
-1 4
+2 8
+1 1
+2 12
+1 14
+4 8
+1 8
+1 4
+4 16
-72 24
+1 53
1249 1
1145 1
1249 2
1145 3
1256 24
+6 4
cfi=(30)
cfn=(90) _dl_process_pt_gnu_property
calls=1 857 
* 55
-7 28
+1 14
+6 14
-6 28
fi=(31) /usr/src/debug/glibc/glibc/elf/../sysdeps/x86/dl-prop.h
149 4
fe=(2)
1223 3
+7 1
-1 2
+6 1
-6 2
-79 1
+85 3
-90 2
+91 1
+1 1
-1 1
+4 2
-95 2
+5 1
-5 1
+5 2
-5 2
+30 1
-9 2
+2 1
-3 1
+10 2
-30 1
+48 1
-48 2
+10 2
-10 1
+10 1
+1 9
-11 2
1268 3
+2 2
+1 2
+2 2
1675 3
+2 1
-1 1
+1 2
+1 2
-2 1
+2 1
-2 2
cfi=(32)
cfn=(96)
calls=1 98 
* 25
* 2
+7 1
+3 1
-5 1
+3 1
+2 1
+1 2
+4 2
+2 2
fi=(3)
39 3
+6 1
-2 1
+11 1
+1 1
-10 2
+23 28
-23 112
+4 56
+3 6
-1 12
+3 24
+1 20
fe=(2)
1245 1
1145 1
1245 1
1145 2
fi=(3)
72 3
+43 2
+7 2
+1 3
+6 3
+18 3
+5 2
+2 2
+2 2
+2 2
+1 1
+3 3
+2 3
+1 2
+9 2
+6 2
+1 2
+3 2
fe=(2)
1701 3
+7 2
cfi=(8)
cfn=(14)
calls=1 25 
* 27
+3 2
fi=(33) /usr/src/debug/glibc/glibc/elf/./setup-vdso.h
24 2
fi=(36) /usr/src/debug/glibc/glibc/elf/./dl-main.h
+85 2
fi=(35) /usr/src/debug/glibc/glibc/elf/../sysdeps/unix/sysv/linux/dl-vdso-setup.h
-64 1
fi=(36)
+64 3
cfi=(30)
cfn=(108) _dl_init_paths
calls=1 695 
* 3790
fe=(2)
1736 3
cfi=(45) /usr/src/debug/glibc/glibc/elf/dl-debug.c
cfn=(154) _dl_debug_initialize
calls=1 56 
* 34
+7 1
-5 1
-2 1
+7 1
+4 1
+3 1
-3 3
+1 2
+3 1
+11 1
-13 1
+13 1
+1 2
+5 1
-3 2
+2 1
+1 2
+5 3
+1 5
-1 2
225 1
-1 1
+1 3
-1 1
+2 2
1791 2
+5 1
-1 1
1354 1
1796 1
+24 1
cfi=(46)
cfn=(156)
calls=1 217 
* 6
* 1
fi=(47) /usr/src/debug/glibc/glibc/elf/../sysdeps/generic/dl-debug.h
29 3
+1 1
fe=(2)
1826 1
+1 1
cfi=(45)
cfn=(160) _dl_debug_state
calls=1 116 
* 2
+1 1
+4 3
cfi=(48)
cfn=(162) _dl_audit_activity_map
calls=1 29 
* 22
+5 3
+2 1
+2 2
+9 2
+16 4
cfi=(62) /usr/src/debug/glibc/glibc/io/../sysdeps/unix/sysv/linux/access.c
cfn=(210) access
calls=1 25 
* 9
* 2
+76 4
+16 3
85 1
1968 1
85 2
1968 2
85 1
1968 5
cfi=(63)
cfn=(212) _dl_map_object_deps
calls=1 143 
* 14878
92 1
1974 1
92 2
+9 2
1974 2
+1 7
-1 4
+1 8
-1 16
+4 3
+1 2
+1 1
+2 18
+1 8
+13 1
-9 2
+8 3
+1 2
+2 1
+4 1
-2 2
-2 1
+4 1
+1 1
-1 2
+14 2
+1 2
+1 3
-25 1
+36 2
+2 1
-2 1
+2 2
-2 1
+1 2
+1 1
-1 2
+1 1
cfi=(50)
cfn=(248)
calls=1 190 
* 12259
+10 1
+1 1
-1 1
+1 1
+3 2
839 1
fi=(250) /usr/src/debug/glibc/glibc/elf/../sysdeps/unix/sysv/linux/dl-osinfo.h
39 2
fe=(2)
841 1
fi=(250)
52 1
fe=(2)
850 1
+7 1
-5 1
2050 3
2253 1
-4 2
+10 1
-6 1
+6 1
+3 2
+8 1
fi=(31)
36 1
fe=(2)
2270 1
fi=(31)
37 3
+3 1
+13 8
-13 4
+9 8
-9 1
+9 20
+4 16
-16 15
+34 1
fe=(2)
2282 1
fi=(31)
71 1
cfi=(75) /usr/src/debug/glibc/glibc/elf/../sysdeps/x86_64/dl-cet.c
cfn=(276) _dl_cet_check
calls=1 361 
* 38
fe=(2)
2285 1
-3 2
+5 1
-2 2
+2 2
+1 6
cfi=(76) /usr/src/debug/glibc/glibc/elf/dl-reloc.c
cfn=(280) _dl_relocate_object
calls=1 207 
* 74031
85 2
2295 1
85 2
2296 15
+2 10
+5 10
+2 10
+6 5
+2 10
+1 32
cfi=(76)
cfn=(280)
calls=4 207 
* 157167
+4 16
+1 6
-23 3
+23 3
cfi=(46)
cfn=(460)
calls=3 1099 
* 84
-23 8
92 3
+1 1
2328 1
93 1
2328 1
+4 4
+2 1
+7 3
cfi=(46)
cfn=(462)
calls=1 558 
* 321
+3 2
+4 3
+2 2
+33 3
cfi=(146)
cfn=(488)
calls=1 27 
* 600
+7 1
cfi=(9)
cfn=(502)
calls=1 148 
* 2
+3 3
cfi=(48)
cfn=(504)
calls=1 41 
* 9
+4 2
cfi=(45)
cfn=(206) _dl_debug_update
calls=1 38 
* 7
+1 1
-1 1
+2 1
cfi=(45)
cfn=(160)
calls=1 116 
* 2
+1 1
+4 1
cfi=(66)
cfn=(506)
calls=1 509 
* 19
+5 8
2307 1
+1 1
-3 2
226 3
1776 1
+6 1
-6 2
+6 1
fi=(3)
56 5
+3 4
fi=(34) /usr/src/debug/glibc/glibc/elf/../sysdeps/unix/sysv/linux/dl-vdso.h
-19 2
+1 5
fi=(35)
-11 1
+3 1
+3 1
+3 1
fi=(34)
+16 2
fi=(3)
+17 2
+12 3
+1 4
+1 4
+1 4
+1 3
+1 4
+1 4
+1 4
+12 1
+7 1
-7 7
+7 2
fe=(2)
1746 4
2360 1
cfi=(140)
cfn=(464)
calls=1 562 
* 734
+5 2
cfi=(7)
cfn=(472)
calls=1 76 
* 2694
+3 1
cfi=(144)
cfn=(480)
calls=1 30 
* 551
85 1
2374 1
+1 3
85 3
2375 2
cfi=(76)
cfn=(280)
calls=1 207 
* 317
92 3
+9 3
2701 2
+2 1
+1 1
-1 1
+1 1
+1 1
2043 2
cfn=(258)
calls=1 734 
* 979
* 2
fi=(3)
62 4
+2 4
fe=(2)
2664 2
+2 2
+1 1
85 1
1845 1
85 2
1845 1
85 1
1845 2
cfn=(164)
calls=1 871 
* 3060
* 1
92 3
+9 3
1946 16
+1 1
-1 1
+4 3
+1 1
+1 2
+1 2
-7 2

fn=(250)
674 2
+2 1
-2 4
+2 3
cfi=(72) /usr/src/debug/glibc/glibc/elf/dl-version.c
cfn=(252) _dl_check_all_versions
calls=1 392 
* 12222
* 2
+4 3

fl=(48)
fn=(162)
29 9
+2 1
-2 1
+1 1
+1 2
+6 8

fn=(584) _dl_audit_preinit
118 1
+1 4

fn=(504)
41 3
+4 12
+2 9
+4 3

fn=(964)
97 5
+1 20

fn=(208) _dl_audit_objopen
77 3
+1 12

fl=(76)
fn=(280)
207 66
+1 12
+12 5
+1 5
+3 10
-3 5
-1 5
+6 5
-5 5
+5 5
+3 5
-1 5
+1 10
+22 25
+4 2
+7 4
fi=(6)
78 2
fi=(4)
+1 5
fe=(76)
301 10
fi=(4)
79 10
fe=(76)
301 8415
fi=(4)
79 3
fe=(76)
301 3
fi=(4)
79 6
fe=(76)
301 214
fi=(5)
49 5
+4 5
-5 5
+1 15
+4 40
+27 15
fe=(76)
301 5
fi=(5)
49 5
+4 5
-5 5
+1 15
+4 40
+27 15
fe=(76)
301 32
fi=(6)
720 25
+4 10
fe=(76)
304 25
+24 5
+3 10
+17 10
+2 8
-98 10
+3 8
+7 16
-9 8
+48 2064
fi=(5)
114 30
+9 18
+1 1
fi=(6)
488 1
fi=(5)
124 1
fi=(6)
488 2
fi=(5)
124 4436
fi=(6)
488 4436
fi=(5)
124 4436
fi=(6)
488 8872
+5 8874
+1 4437
fi=(5)
123 4437
fi=(6)
494 4437
-5 4437
fi=(5)
123 8874
+3 30
+3 32
+2 24
fi=(6)
282 4
fi=(5)
72 4
fe=(76)
190 16
fi=(6)
+92 4
fe=(76)
-92 4
fi=(6)
+92 4
fe=(76)
-92 4
fi=(6)
+92 4
fe=(76)
-92 4
fi=(6)
+92 4
fi=(5)
73 4
fe=(76)
190 12
fi=(5)
-57 8
+1 4
+1 4
-2 4
+2 4
+3 4
-5 4
+2 4
-2 4
+1 8
+2 4
-2 4
+2 12
+2 8
-5 562
+1 281
+1 281
-2 281
+2 281
+3 281
-5 281
+2 281
-2 281
+1 562
+2 281
-2 281
+2 843
+2 562
+9 238
fi=(6)
257 476
+7 476
+4 476
fe=(76)
-98 952
fi=(4)
-30 666
fe=(76)
+31 444
+3 444
+8 430
-8 1929
+12 428
-3 214
+1 214
+2 858
-3 1
+1 1
+2 219
+1 215
-1 215
+2 645
+1 215
-1 430
-1 12
+3 36
cfi=(77)
cfn=(288)
calls=6 772 
* 2930
-3 209
+3 1254
cfi=(77)
cfn=(288)
calls=209 772 
* 125319
+3 215
+1 430
-4 215
+4 1075
fi=(6)
+83 882
+3 216
-3 664
+3 232
-3 232
+3 464
+1 464
+1 486
+25 1406
413 27
fi=(5)
150 27
fi=(6)
413 424
fi=(5)
150 670
-19 1140
+33 28
+1 18
+1 141
+3 94
+2 47
+2 47
-4 47
+2 47
+1 47
-1 47
+2 94
fe=(76)
-3 188
fi=(6)
277 47
+3 47
+1 94
467 47
-1 94
+1 94
+1 47
cfi=(15)
cfn=(486)
calls=1 76 
* 6
cob=(2)
cfi=(138) /usr/src/debug/glibc/glibc/string/../sysdeps/x86_64/multiarch/strspn.c
cfn=(454) strspn
calls=1 29 
* 7
cob=(2)
cfi=(136) /usr/src/debug/glibc/glibc/string/../sysdeps/x86_64/multiarch/memchr.c
cfn=(450) memchr
calls=1 29 
* 23
cob=(2)
cfi=(135) /usr/src/debug/glibc/glibc/string/../sysdeps/x86_64/multiarch/memmove.c
cfn=(446) memmove
calls=1 29 
* 22
cob=(2)
cfi=(134) /usr/src/debug/glibc/glibc/string/../sysdeps/x86_64/multiarch/strncpy.c
cfn=(442) strncpy
calls=1 29 
* 19
cob=(2)
cfi=(133) /usr/src/debug/glibc/glibc/string/../sysdeps/x86_64/multiarch/strlen.c
cfn=(438) strlen
calls=1 29 
* 25
cob=(2)
cfi=(132) /usr/src/debug/glibc/glibc/string/../sysdeps/x86_64/multiarch/strcasecmp_l.c
cfn=(434) strcasecmp_l
calls=1 31 
* 21
cob=(2)
cfi=(131) /usr/src/debug/glibc/glibc/string/../sysdeps/x86_64/multiarch/strcpy.c
cfn=(430) strcpy
calls=1 29 
* 17
cob=(2)
cfi=(129) /usr/src/debug/glibc/glibc/string/../sysdeps/x86_64/multiarch/memcmp.c
cfn=(426) bcmp
calls=1 29 
* 24
cob=(2)
cfi=(128) /usr/src/debug/glibc/glibc/string/../sysdeps/x86_64/multiarch/strchrnul.c
cfn=(422) strchrnul
calls=1 31 
* 25
cob=(2)
cfi=(127) /usr/src/debug/glibc/glibc/string/../sysdeps/x86_64/multiarch/strncase_l.c
cfn=(418) strncasecmp_l
calls=1 31 
* 21
cob=(2)
cfi=(126) /usr/src/debug/glibc/glibc/wcsmbs/../sysdeps/x86_64/multiarch/wcscpy.c
cfn=(416) wcscpy
calls=1 60 
* 16
cob=(2)
cfi=(125) /usr/src/debug/glibc/glibc/string/../sysdeps/x86_64/multiarch/strcspn.c
cfn=(414) strcspn
calls=1 29 
* 7
cob=(2)
cfi=(124) /usr/src/debug/glibc/glibc/string/../sysdeps/x86_64/multiarch/strcasecmp.c
cfn=(410) strcasecmp
calls=1 31 
* 21
cob=(2)
cfi=(123) /usr/src/debug/glibc/glibc/string/../sysdeps/x86_64/multiarch/strncmp.c
cfn=(408) strncmp
calls=1 67 
* 21
cob=(2)
cfi=(121) /usr/src/debug/glibc/glibc/wcsmbs/../sysdeps/x86_64/multiarch/wmemchr.c
cfn=(404) wmemchr
calls=2 31 
* 46
cob=(2)
cfi=(119) /usr/src/debug/glibc/glibc/string/../sysdeps/x86_64/multiarch/stpncpy.c
cfn=(400) stpncpy
calls=1 31 
* 19
cob=(2)
cfi=(118) /usr/src/debug/glibc/glibc/wcsmbs/../sysdeps/x86_64/multiarch/wcscmp.c
cfn=(396) wcscmp
calls=1 30 
* 25
cob=(2)
cfi=(117) /usr/src/debug/glibc/glibc/string/../sysdeps/x86_64/multiarch/strrchr.c
cfn=(392) rindex
calls=1 28 
* 25
cob=(2)
cfi=(116) /usr/src/debug/glibc/glibc/string/../sysdeps/x86_64/multiarch/strchr.c
cfn=(390) index
calls=1 65 
* 19
cob=(2)
cfi=(94) /usr/src/debug/glibc/glibc/wcsmbs/../sysdeps/x86_64/multiarch/wcscat.c
cfn=(384) wcschr
calls=2 31 
* 50
cob=(2)
cfi=(113) /usr/src/debug/glibc/glibc/string/../sysdeps/x86_64/multiarch/memrchr.c
cfn=(380) memrchr
calls=1 29 
* 25
cob=(2)
cfi=(112) /usr/src/debug/glibc/glibc/string/../sysdeps/x86_64/multiarch/strcmp.c
cfn=(378) strcmp
calls=1 79 
* 19
cob=(2)
cfi=(111) /usr/src/debug/glibc/glibc/string/../sysdeps/x86_64/multiarch/strpbrk.c
cfn=(376) strpbrk
calls=1 29 
* 7
cob=(2)
cfi=(109) /usr/src/debug/glibc/glibc/string/../sysdeps/x86_64/multiarch/strnlen.c
cfn=(372) strnlen
calls=2 31 
* 50
cob=(2)
cfi=(108) /usr/src/debug/glibc/glibc/wcsmbs/../sysdeps/x86_64/multiarch/wcsnlen.c
cfn=(368) wcsnlen
calls=1 30 
* 19
cob=(2)
cfi=(106) /usr/src/debug/glibc/glibc/string/../sysdeps/x86_64/multiarch/memset.c
cfn=(364) memset
calls=1 29 
* 24
cob=(2)
cfi=(104) /usr/src/debug/glibc/glibc/wcsmbs/../sysdeps/x86_64/multiarch/wcslen.c
cfn=(360) wcslen
calls=1 29 
* 19
cob=(2)
cfi=(103) /usr/src/debug/glibc/glibc/debug/../sysdeps/x86_64/multiarch/mempcpy_chk.c
cfn=(356) __mempcpy_chk
calls=1 29 
* 22
cob=(2)
cfi=(102) /usr/src/debug/glibc/glibc/debug/../sysdeps/x86_64/multiarch/memcpy_chk.c
cfn=(352) __memcpy_chk
calls=1 29 
* 22
cob=(2)
cfi=(101) /usr/src/debug/glibc/glibc/wcsmbs/../sysdeps/x86_64/multiarch/wcsncpy.c
cfn=(348) wcsncpy
calls=1 31 
* 18
cob=(2)
cfi=(100) /usr/src/debug/glibc/glibc/string/../sysdeps/x86_64/multiarch/memcmpeq.c
cfn=(344) memcpy@@GLIBC_2.14
calls=1 29 
* 22
cob=(2)
cfi=(98) /usr/src/debug/glibc/glibc/debug/../sysdeps/x86_64/multiarch/memset_chk.c
cfn=(340) __memset_chk
calls=1 29 
* 24
cob=(2)
cfi=(97) /usr/src/debug/glibc/glibc/string/../sysdeps/x86_64/multiarch/strcat.c
cfn=(336) strcat
calls=1 29 
* 17
cob=(2)
cfi=(95) /usr/src/debug/glibc/glibc/wcsmbs/../sysdeps/x86_64/multiarch/wmemset.c
cfn=(332) wmemset
calls=2 31 
* 20
cob=(2)
cfi=(94)
cfn=(328) wcscat
calls=1 31 
* 18
cob=(2)
cfi=(92) /usr/src/debug/glibc/glibc/wcsmbs/../sysdeps/x86_64/multiarch/wmemcmp.c
cfn=(324) wmemcmp
calls=1 29 
* 24
cob=(2)
cfi=(90) /usr/src/debug/glibc/glibc/debug/../sysdeps/x86_64/multiarch/memmove_chk.c
cfn=(320) __memmove_chk
calls=1 29 
* 22
cob=(2)
cfi=(88) /usr/src/debug/glibc/glibc/string/../sysdeps/x86_64/multiarch/stpcpy.c
cfn=(316) stpcpy
calls=1 33 
* 17
cob=(2)
cfi=(86) /usr/src/debug/glibc/glibc/wcsmbs/../sysdeps/x86_64/multiarch/wcpcpy.c
cfn=(312) wcpncpy
calls=1 31 
* 18
cob=(2)
cfi=(84) /usr/src/debug/glibc/glibc/string/../sysdeps/x86_64/multiarch/mempcpy.c
cfn=(308) mempcpy
calls=1 33 
* 22
cob=(2)
cfi=(82) /usr/src/debug/glibc/glibc/string/../sysdeps/x86_64/multiarch/strncase.c
cfn=(304) strncasecmp
calls=1 31 
* 21
cob=(2)
cfi=(80) /usr/src/debug/glibc/glibc/string/../sysdeps/x86/cacheinfo.c
cfn=(300) __x86_cacheinfo
calls=1 86 
* 30
fi=(5)
165 47
fi=(6)
469 47
fi=(5)
165 96
fe=(76)
301 10
fi=(5)
51 5
fi=(4)
+28 10
fi=(5)
+72 6
fi=(6)
310 2
+3 2
+23 2
+1 3
fi=(5)
150 2
fi=(6)
390 48
+2 64
+4 16
+9 16
-9 32
+9 16
fi=(5)
150 32
fi=(6)
277 80
fi=(5)
141 47
+1 47
-1 141
+2 47
fi=(6)
277 235
fe=(76)
175 63
+3 7
-1 7
+19 7
-18 14
fi=(6)
285 22
+1 33
+11 22
+7 11
cob=(2)
cfi=(129)
cfn=(426)
calls=2 29 
* 48
cob=(2)
cfi=(98)
cfn=(340)
calls=1 29 
* 24
cob=(2)
cfi=(135)
cfn=(446)
calls=2 29 
* 44
cob=(2)
cfi=(100)
cfn=(344)
calls=2 29 
* 44
cob=(2)
cfi=(106)
cfn=(364)
calls=2 29 
* 48
cob=(2)
cfi=(133)
cfn=(438)
calls=2 29 
* 50
* 33
+3 22
fe=(76)
+42 10
cfn=(456) _dl_protect_relro
calls=5 +6 
* 150
+1 40
-49 6
fi=(5)
180 6
fi=(6)
282 1
fe=(76)
-92 1
fi=(5)
73 1
fe=(76)
190 1
fi=(6)
+92 1
fe=(76)
-92 1
fi=(6)
+92 1
fe=(76)
-92 2
fi=(6)
+92 1
fe=(76)
-92 1
fi=(6)
+92 1
fe=(76)
-92 5
fi=(5)
-8 2
+1 2
-1 1
+3 1
-3 4
+3 2
-3 10
+1 10
-1 5
+3 5
-3 20
+3 10
+8 6
fi=(6)
+64 12
+7 12
+4 12
fe=(76)
-98 24
fi=(4)
-30 18
fe=(76)
+31 12
+3 12
+8 12
-8 54
+12 12
-3 6
+1 6
+2 36
+4 24
-4 6
+4 18
cfi=(77)
cfn=(288)
calls=6 772 
* 3149
+3 6
+1 12
-4 6
+4 30
fi=(6)
+83 20
+3 2
-3 6
+3 2
-3 2
+3 4
+1 4
+1 4
+25 36
413 6
fi=(5)
196 18
-16 24
+31 6
fe=(76)
-36 28

fn=(456)
355 30
+1 25
+3 5
-3 5
+3 5
+4 10
+7 15
-6 15
cfi=(139)
cfn=(458) mprotect
calls=5 117 
* 30
* 10

fl=(8)
fn=(14)
25 5
+3 5
-3 5
+3 10
+3 15
+1 10
+2 5
-1 5
+3 15
+1 5
+1 10
+7 5
-5 5
-2 5
+3 10
+2 5
+2 10
+5 5

fl=(75)
fn=(278) dl_cet_check
269 9
+16 1
-10 2
+2 2
-1 1
+6 1
+3 1
+8 1
-11 1
+1 1
-1 1
+1 1
-1 1
+1 1
+10 4
+25 8

fn=(514) _dl_cet_setup_features
331 1
+3 2
+16 1

fn=(276)
361 1
+1 1
cfn=(278)
calls=1 -93 
* 36

fl=(63)
fn=(212)
143 5
+1 2
-1 1
+1 1
-1 2
+1 1
-1 1
+1 1
-1 4
+1 3
-1 1
+1 7
-8 1
+8 2
-8 1
-6 1
-2 1
+8 1
+8 1
-15 1
+1 1
+6 1
+24 4
-28 4
-2 1
+31 1
-33 2
+2 2
+30 2
-30 1
-1 4
+7 4
+24 3
+28 3
-6 1
+50 1
-68 1
fi=(71) /usr/src/debug/glibc/glibc/elf/../include/scratch_buffer.h
-87 2
fe=(63)
+87 1
fi=(71)
-86 1
fe=(63)
184 1
+48 3
-35 1
-4 1
+4 6
-4 4
+4 8
+11 14
-18 2
+18 4
417 10
+2 3
+3 6
-3 6
+3 3
-3 3
+3 3
fi=(28)
56 3
cfi=(27)
cfn=(78)
calls=3 -20 
* 90
fe=(63)
423 12
fi=(28)
56 3
fe=(63)
423 3
+7 15
-1 3
+1 3
cfi=(29)
cfn=(82)
calls=3 210 
* 33
+1 18
cfi=(29)
cfn=(82)
calls=3 210 
* 33
+3 3
+1 6
+4 15
188 8
442 12
-1 5
+1 10
183 5
+27 15
+5 3
+6 3
-5 3
-1 3
+2 6
+1 6
+3 9
+7 3
-9 3
+9 3
-38 6
+38 3
-38 6
+32 168
+6 24
cfi=(30)
cfn=(146) _dl_dst_count
calls=6 -1 
* 354
* 18
+4 12
-2 6
+2 12
cfi=(50)
cfn=(172)
calls=6 -24 
* 12390
+1 12
+9 6
+2 12
+5 15
+6 3
+2 3
-8 6
+3 3
+1 3
+1 3
+1 3
+4 3
-3 3
+3 9
+4 18
+1 9
-43 348
+7 12
+38 234
fi=(71)
85 3
fe=(63)
448 5
+1 1
+3 4
+11 5
fi=(28)
56 1
cfi=(27)
cfn=(78)
calls=1 -20 
* 30
fe=(63)
465 3
fi=(28)
56 1
fe=(63)
465 1
+5 2
+2 2
-2 1
+1 1
-1 1
+4 1
-4 1
+4 5
+4 15
+6 5
+1 10
-1 5
+6 5
-16 15
+21 3
+37 2
+15 1
-11 1
+11 1
-14 2
+20 1
-1 4
+1 4
-1 5
cfi=(13)
cfn=(244)
calls=1 298 
* 349
+5 1
+2 1
+1 1
+1 2
-2 1
+2 1
+7 3
+3 2
+3 8
198 35
+3 3
fi=(71)
-70 9
cfi=(70)
cfn=(240)
calls=3 30 
* 75
fe=(63)
+70 9
+4 6
412 1
547 3
cfi=(29)
cfn=(82)
calls=1 210 
* 19
* 3
144 2

fn=(214)
61 36
+7 6
-4 18
+1 6
-1 42
cfi=(30)
cfn=(178)
calls=6 1903 
* 11856
* 6
+5 18

fl=(56)
fn=(192)
30 4
+9 16
+33 4

fl=(58)
fn=(196)
47 16
+3 32
-3 96
+6 32
+5 96
+2 64
-7 36

fl=(45)
fn=(206)
38 4
+3 4
-1 8
+4 8
+4 4

fn=(160)
116 2
+1 2

fn=(154)
56 3
+3 2
+4 1
+22 1
+10 1
-32 2
+1 1
+21 2
+5 2
+1 1
+4 1
-4 1
-1 1
+2 1
+3 1
+4 2
+8 2
-50 1
+4 2
+35 6

fl=(139)
fn=(458)
117 25
+5 5

fn=(508)
117 5
+5 1

fl=(1) ???
fn=(0) 0x000000000001cdc0
0 2
cfi=(2)
cfn=(2)
calls=1 517 
0 300130
0 8
cfi=(75)
cfn=(514)
calls=1 331 
0 4
0 10
cfi=(153)
cfn=(518)
calls=1 81 
0 908
0 3
cob=(6)
cfi=(165)
cfn=(562) (below main)
calls=1 0 
0 103512

fl=(25)
fn=(70)
28 3
+1 3
+3 64
+13 54
-13 108
+2 112
+1 12
+5 2
-3 2
+3 2
+2 2

fl=(30)
fn=(218) open_path
1748 16
+1 2
-1 6
+1 2
+6 4
+5 34
+69 2
-76 2
+7 2
+69 2
-69 2
-8 2
+45 2
-34 4
+8 12
+7 4
+1 2
-1 4
cfi=(29)
cfn=(134)
calls=2 197 
* 58
-11 2
+11 2
+1 10
+3 12
+5 28
cfi=(29)
cfn=(134)
calls=4 197 
* 52
* 16
cfi=(29)
cfn=(134)
calls=4 197 
* 52
+3 12
+6 12
+3 28
cfn=(182) open_verify.constprop.0
calls=4 1527 
* 224
* 4
+2 12
+2 6
+93 18
1779 9
+94 18
+6 4
-2 4
+2 4
+3 6
1758 4
+69 4
+2 2
-21 6
+1 24
+6 6
+2 3
-2 6
+2 3
cfi=(64)
cfn=(220)
calls=3 28 
* 46
* 3
+3 3
-3 6
+1 5
+4 2
-43 2
+43 2
-43 4
-19 4

fn=(182)
1527 70
+32 7
-32 14
+32 14
+19 28
cfi=(53)
cfn=(184)
calls=7 28 
* 152
* 7
+2 14
+8 3
+1 6
+5 3
-5 3
+5 18
cfi=(54)
cfn=(186)
calls=3 25 
* 18
+4 3
-2 6
+2 6
+2 6
+6 6
+17 36
-59 8
+59 3
+62 6
+5 6
+6 12
+6 6
+6 3
+1 3
-1 9
+1 9
+26 63
-22 13
+1 2
-1 1
+1 1
cfi=(69)
cfn=(238)
calls=1 25 
* 7
* 2
-91 3
+90 2

fn=(188) _dl_map_object_from_fd
933 30
+15 3
-15 6
+15 3
-15 6
+15 6
+77 12
+10 6
+7 21
cfi=(26)
cfn=(72)
calls=3 59 
* 1099
* 3
+1 6
+11 3
+5 3
-4 3
-1 3
+2 3
+2 3
-2 3
+2 6
+1 9
+1 4
+19 4
-2 2
+2 22
-2 1
+2 37
+10 3
-10 3
+10 9
+27 3
-33 3
-3 3
+2 3
-1 3
+35 3
+9 3
-50 3
+41 3
+9 3
-36 3
+63 15
-62 124
+26 84
+8 24
+1 12
-1 12
+1 48
+1 12
-1 12
+1 12
+2 12
-2 12
+2 12
+2 12
-4 12
+1 12
+3 12
-4 12
+4 60
+2 24
+13 51
+6 9
+1 81
-28 18
-35 27
+62 3
+1 27
-28 6
-35 75
+1 188
1202 3
1089 3
1202 6
1089 9
1207 21
+10 15
+1 3
-1 3
+1 3
-1 9
+1 9
-1 9
+1 9
-1 27
1055 6
1224 6
+10 12
+7 12
fi=(57) /usr/src/debug/glibc/glibc/elf/./dl-map-segments.h
28 3
fe=(30)
1241 9
fi=(57)
28 6
+1 24
cfi=(58)
cfn=(196)
calls=3 +18 
* 84
+73 6
-1 3
-72 3
+73 3
+3 6
+1 3
+2 3
-3 3
+1 3
+2 3
+17 3
-44 3
fi=(59) /usr/src/debug/glibc/glibc/elf/./dl-load.h
+10 24
fi=(57)
+58 48
+6 3
+2 3
-2 3
+3 3
-2 3
+2 3
-1 6
+3 9
+5 6
+3 9
+8 21
cfi=(43)
cfn=(138)
calls=3 -39 
* 357
* 6
+6 6
+12 12
-59 72
+2 36
+2 63
cfi=(58)
cfn=(196)
calls=9 -92 
* 189
* 18
fi=(55) /usr/src/debug/glibc/glibc/elf/../sysdeps/posix/dl-fileid.h
37 9
cfi=(56)
cfn=(192)
calls=3 -7 
* 18
* 6
fe=(30)
978 3
fi=(55)
40 3
fe=(30)
978 12
fi=(55)
40 3
fe=(30)
978 42
+1 18
fi=(55)
49 24
fe=(30)
1474 27
1063 13
+1 2
-1 1
+1 1
-1 1
+1 1
cfi=(69)
cfn=(238)
calls=1 25 
* 7
* 2
+46 2
+1 1
-15 6
+7 3
+2 3
-2 3
+1 3
+1 3
-1 6
+1 24
+60 6
+5 2
-1 4
+5 2
-5 4
-66 2
+71 8
+1 2
+3 2
-3 2
+8 8
+15 6
+1 3
997 6
1257 12
+1 9
fi=(60) /usr/src/debug/glibc/glibc/elf/get-dynamic-info.h
39 6
+6 3
-2 3
+11 3
+1 3
-10 6
+8 3
+15 3
-23 12
+23 72
-23 288
+4 150
+3 19
-1 38
+3 64
+1 52
fi=(59)
+37 8
+2 2
-1 4
+1 2
-1 2
+1 2
-1 2
+1 2
-1 4
+3 8
fi=(60)
-24 6
+43 2
+7 2
+1 9
+6 9
+1 9
+17 9
+5 6
+2 6
+2 6
+2 6
+1 3
+3 9
+2 9
+1 6
+9 6
+6 6
+1 6
+3 6
fe=(30)
1264 6
+1 6
+2 15
+10 9
+19 6
+2 18
+18 9
+1 4
+6 24
+1 62
+6 12
cfn=(90)
calls=3 857 
* 257
-7 74
+1 37
+6 37
-6 74
fi=(31)
149 12
fi=(60)
-93 15
+3 12
+13 6
+12 9
+1 10
+1 12
+1 12
+1 12
+1 10
+1 11
+1 12
+12 3
+7 3
-7 21
+7 8
fe=(30)
1063 2
1335 6
cfi=(61)
cfn=(204)
calls=3 25 
* 18
* 6
+13 6
+2 12
+2 6
+16 6
cfi=(8)
cfn=(14)
calls=3 25 
* 81
+4 6
+1 6
+17 6
+1 1
+3 1
+5 1
-5 1
+5 1
-5 2
+5 2
-5 2
+5 2
+5 6
+12 24
+10 6
+1 8
+5 4
cfi=(46)
cfn=(236)
calls=2 150 
* 22
+7 9
cfi=(26)
cfn=(86)
calls=3 31 
* 165
+3 6
+4 6
cfi=(45)
cfn=(206)
calls=3 38 
* 21
* 3
+1 9
+22 21
+1 9
cfi=(48)
cfn=(208)
calls=3 77 
* 15
* 3
fi=(57)
186 8
cfi=(58)
cfn=(196)
calls=1 47 
* 21
+3 2
fe=(30)
1417 9
+2 2
-1 10
+1 2
-1 2
+1 2
-1 2
cfi=(32)
cfn=(96)
calls=2 98 
* 93
* 4
+2 5
+45 6
fi=(60)
62 12
+2 12
fe=(30)

fn=(144) expand_dynamic_string_token
374 12
+10 2
-10 8
+10 2
cfn=(146)
calls=2 227 
* 184
+3 4
+12 2
-11 2
+11 12
-11 2
cfi=(44)
cfn=(148)
calls=2 40 
* 240

fn=(216) cache_rpath
670 12
+1 18
+1 6
+16 12

fn=(140) fillin_rpath.isra.0
457 9
+4 1
-4 9
+6 3
cfi=(7)
cfn=(142)
calls=1 239 
* 1040
* 3
cfi=(7)
cfn=(142)
calls=1 239 
* 8
* 6
+7 2
+2 3
cfn=(144)
calls=1 -98 
* 273
* 1
+4 2
+5 2
cfi=(22)
cfn=(62)
calls=1 57 
* 61
* 1
+1 2
+7 5
+9 6
+1 2
fi=(28)
50 2
cfi=(27)
cfn=(152)
calls=1 +47 
* 5
+1 1
fe=(30)
517 4
+4 4
fi=(28)
56 1
cfi=(27)
cfn=(78)
calls=1 -20 
* 30
* 1
fe=(30)
523 2
+5 1
+1 2
-1 1
-1 1
+2 1
cfi=(29)
cfn=(134)
calls=1 197 
* 29
+3 1
-3 1
+1 1
+2 1
+1 1
+5 1
+1 1
-1 2
+1 1
-1 1
+1 5
+1 1
-1 5
+1 2
-1 3
+3 2
+1 3
+1 1
+6 2
+1 1
+3 3
-60 2
-22 2
+88 1
+3 8

fn=(146)
227 16
+3 8
-3 40
+7 8
-7 16
+3 8
cfi=(41)
cfn=(122)
calls=8 32 
* 354
+3 16
+20 72

fn=(178)
1903 84
+8 14
+1 21
+3 118
+5 140
+2 60
cfi=(52)
cfn=(180)
calls=20 68 
* 2149
* 40
+4 32
+1 48
+4 6
-1 30
+1 6
+1 6
-1 6
+1 12
cfi=(32)
cfn=(96)
calls=6 98 
* 150
* 12
2192 63
1947 9
-1 6
+9 3
-50 3
+50 6
+17 6
-2 3
+2 3
cfi=(41)
cfn=(122)
calls=3 32 
* 72
* 6
2124 2
-1 3
cfn=(144)
calls=1 374 
* 197
+6 1
-7 1
+1 1
+2 2
+4 8
cfn=(182)
calls=1 1527 
* 108
+3 2
-3 1
+3 1
+12 5
+45 1
+1 4
-1 1
+1 9
cfn=(188)
calls=1 933 
* 1874
-1 2
+1 8
-1 2
+1 18
cfn=(188)
calls=2 933 
* 4462
* 9
1976 4
cfi=(22)
cfn=(62)
calls=2 57 
* 34
* 4
+2 4
+7 8
+51 28
cfn=(218)
calls=2 1748 
* 832
+6 6
-6 2
+6 2
2144 10
2043 14
cfn=(216)
calls=2 670 
* 16
* 4
+8 4
+2 6
+4 4
cfi=(66)
cfn=(224)
calls=2 387 
* 3197
* 2
+2 4
+4 4
+31 2
-23 4
+23 16
cfn=(182)
calls=2 1527 
* 247
* 2
+4 4
+18 2
-17 2
+17 4
2011 16
cfn=(216)
calls=2 670 
* 16
* 10
+9 4
+15 4
+1 4
-47 2
+5 2
-4 2
+7 4
-3 2
+3 16
-3 6
+1 12
cfn=(216)
calls=2 670 
* 16
* 4
+9 10
+5 4
+1 14

fn=(108)
695 7
+14 1
-14 3
+14 1
-14 1
+14 1
cfi=(37)
cfn=(110)
calls=1 172 
* 1447
fi=(28)
56 1
fe=(30)
709 1
fi=(28)
56 1
cfi=(27)
cfn=(78)
calls=1 -20 
* 30
fe=(30)
714 1
+2 3
+8 2
+4 5
fi=(28)
56 1
cfi=(27)
cfn=(78)
calls=1 -20 
* 30
fe=(30)
728 1
+2 4
+17 1
+9 1
-19 1
-1 1
+9 1
+2 1
+3 1
-2 1
+2 1
+1 1
+5 2
+1 4
cfi=(43)
cfn=(138)
calls=1 137 
* 14
+2 1
+12 1
+3 1
-8 1
-1 1
+9 2
+2 4
+2 3
+36 4
+2 2
cfi=(22)
cfn=(62)
calls=1 57 
* 61
* 9
-19 1
-2 1
+2 2
+19 9
cfi=(29)
cfn=(82)
calls=1 210 
* 27
* 1
+5 4
-1 3
+2 1
+1 2
-2 4
+1 63
+1 126
-2 252
+5 1
fi=(28)
56 1
cfi=(27)
cfn=(78)
calls=1 -20 
* 30
fe=(30)
825 1
fi=(28)
56 1
fe=(30)
827 2
+6 6
cfn=(140)
calls=1 457 
* 1576
+3 3
+6 1
+4 7
-35 2
+5 2

fn=(90)
857 4
+8 4
-8 4
+8 4
-6 4
+12 8
-13 4
+13 4
-13 4
+13 8
+3 12
+1 8
+1 8
+3 12
+1 12
+4 4
+1 8
fi=(31)
97 4
258 6
fe=(30)
903 4
+4 9
+2 12
-20 14
+1 7
+3 14
+3 7
+1 28
fi=(31)
95 28
+7 10
+16 5
-3 10
252 4
fe=(30)
919 2
fi=(31)
257 2
-4 2
+4 6
+3 2
-6 6
+1 3
+2 12
+3 3
fe=(30)

fl=(24)
fn=(88)
42 10
+2 20

fn=(68)
51 3
+3 8
+5 1
-5 1
+5 1
+1 1
-6 1
+8 1

fn=(272)
66 2
fi=(251) /usr/src/debug/glibc/glibc/elf/../include/list.h
-22 1
fe=(24)
+22 3
fi=(251)
-23 1
fe=(24)
+24 1
+3 1
fi=(251)
-27 1
+1 1
+1 1
+2 1
fe=(24)
+26 4
+1 2
+1 1
+5 2
+5 1
+6 1
-3 1
+3 1
-6 3
+6 1
+12 4
cfi=(11)
cfn=(28)
calls=1 438 
* 24
fi=(74) /usr/src/debug/glibc/glibc/elf/../sysdeps/unix/sysv/linux/rseq-internal.h
-62 3
+18 1
fe=(24)
+54 1
+7 1
-7 1
+7 1
+1 3
fi=(74)
-71 2
+4 1
-4 2
+4 5
+2 2
fe=(24)

fl=(51)
fn=(174)
31 7
+2 7
+9 7
+1 14
+1 7
+4 7
+1 7
+1 7
+1 7
+1 7
+2 14
+2 7
+1 7
+1 7
+2 14
+2 7
+8 7
+3 7
+1 7
+7 7
+1 7

fl=(26)
fn=(86)
31 16
+2 4
-2 8
+2 4
-2 12
+2 4
cfi=(24)
cfn=(88)
calls=4 +9 
* 12
+2 35
+3 36
+2 3
+2 3
+4 3
+4 3
-4 6
+1 6
+1 6
+3 15
-1 3
cfi=(24)
cfn=(88)
calls=3 -8 
* 9
-4 1
+4 1
-4 2
+1 2
+1 2
+3 5
-1 1
cfi=(24)
cfn=(88)
calls=1 -8 
* 3
-5 2

fn=(72)
59 60
+3 8
+21 3
-3 3
+3 3
cfi=(22)
cfn=(62)
calls=3 -26 
* 69
+4 6
-4 3
+9 3
-9 9
fi=(28)
-39 6
cfi=(27)
cfn=(74)
calls=3 +36 
* 123
fe=(26)
+39 1
fi=(28)
-39 2
cfi=(27)
cfn=(74)
calls=1 +36 
* 47
* 4
fe=(26)
+51 8
+5 4
+4 4
-6 4
+2 4
+4 4
-5 4
+4 4
+1 8
-1 4
+1 4
cfi=(29)
cfn=(82)
calls=4 210 
* 55
* 4
+15 4
-15 4
+2 4
+13 8
+6 1
+2 7
+3 2
-3 21
+3 6
+2 4
+4 4
+3 14
fi=(4)
1336 3
fe=(26)
139 2
+2 1
-2 2
fi=(4)
1336 45
fe=(26)
139 30
+2 15
-2 30
+16 8
-5 4
+5 4
-6 4
+6 4
-6 4
+6 8
+2 6
+3 6
-3 6
+7 12
+4 9
+8 1
+13 1
-10 2
+10 6
-10 6
+10 9
+2 3
cfi=(22)
cfn=(62)
calls=3 57 
* 105
+21 3
-21 9
+17 3
-13 9
+50 9
cfi=(29)
cfn=(134)
calls=3 -48 
* 47
* 3
+5 6
+1 6
-1 108
+1 108
+4 6
+1 3
+3 3
+4 36
131 8
-8 3
-4 6
+34 1
+7 4
+8 12
fi=(28)
56 6
cfi=(27)
cfn=(78)
calls=3 -20 
* 90
* 3
fe=(26)
200 6
-1 6
64 2
+2 3
+1 2
+4 6
+6 2

fl=(62)
fn=(210)
25 1
+2 7
+4 1

fl=(72)
fn=(252)
392 7
+4 5
-2 2
+4 30
cfn=(254) _dl_check_map_versions
calls=5 155 
* 12151
-2 5
+1 5
-1 10
+5 7

fn=(254)
155 50
+15 15
+2 25
+2 5
+1 5
+2 10
+3 6
-16 6
+20 3
-4 3
-24 3
+28 24
+16 6
36 3
200 3
36 21
200 6
36 3
200 3
36 21
+1 20
-1 40
+2 78
cfi=(52)
cfn=(180)
calls=26 +30 
* 2518
* 58
208 18
+5 6
fi=(252) /usr/src/debug/glibc/glibc/elf/../sysdeps/generic/_itoa.h
76 18
fe=(72)
213 12
+4 12
+1 12
-1 12
+4 6
-3 6
+3 6
-3 18
-1 44
+1 44
-1 44
+4 22
-3 22
+3 22
-3 146
56 112
+8 84
+6 84
+16 28
+1 56
+2 28
+5 196
+14 864
+12 1212
+4 404
-30 808
231 112
+3 84
+5 22
-24 22
110 28
+3 140
cfi=(32)
cfn=(96)
calls=28 -15 
* 1296
* 84
224 84
+1 3
cfi=(32)
cfn=(96)
calls=1 98 
* 65
* 2
+3 14
+15 18
+5 3
-50 3
+59 15
+3 6
+3 21
+3 15
+4 3
-7 12
+3 9
+4 58
-7 232
+3 177
+8 9
+6 8
fi=(28)
44 4
fe=(72)
280 8
fi=(28)
44 4
cfi=(27)
cfn=(74)
calls=4 +36 
* 164
fe=(72)
281 8
-2 4
fi=(28)
44 4
fe=(72)
281 4
+13 4
-3 4
+3 16
+2 8
+3 15
+4 18
+18 22
-15 22
+2 22
-2 22
+2 22
-2 22
+2 44
-2 6
+2 6
-2 6
+2 6
-2 6
+2 12
+2 28
+1 28
-1 84
+1 28
+1 28
-2 28
+2 56
+1 84
+3 84
+8 18
+5 3
-28 3
+33 6
+3 6
+20 61
-14 128
-2 61
+6 61
+1 61
+1 61
-1 183
+1 61
-1 61
+1 61
+1 61
+3 192
+12 6
+1 6
+1 6
+1 4
+19 45
164 2
-8 2
257 5
+77 2
-40 2
-20 3
+96 4
+2 4
+4 2
-4 116
+1 58
+2 1
+1 2
-1 1
+1 1
cfi=(32)
cfn=(256) strncmp
calls=1 98 
* 32
* 2

fl=(32)
fn=(96)
98 483
+33 483
+1 483
+2 483
+1 483
+21 483
+1 483
+1 350
+1 350
+1 307
+1 307
+1 307
+1 307
+17 307
+1 307
+1 307
+1 307
+1 307
+1 307
+1 307
+5 32
+1 96
+9 32
+1 32
+1 32
+1 32
+1 32
+1 32
+1 32
+1 32
-7 176
+1 176
+1 176
+1 176
+1 176
+1 176
+1 176
+1 176
+1 155
+1 75
+1 75
+1 75
+2 75
+1 75
+1 75
+1 75
+1 75
+1 75
-5 80
+1 80
+1 80
+1 80
+1 80
+1 80
+10 53
+1 53
+1 53
+2 53
+6 53
+1 53
+1 53
+1 53
+1 53
+5 53
+2 45
+1 45
+1 90
+8 45
+1 45
+3 45
+1 45
+1 45
+1 45
+1 45
+1 45
+6 2
+1 2
+1 2
+3 2
+1 2
+1 2
+1 2
+1 2
+1 2
542 19
+1 19
+1 19
+1 19
+1 19
+2 19
+1 19
+1 19
+1 19
+1 19
+1 19
+1 19
+1 19
+4 19
+1 19
+1 19
+6 19
+1 19
+1 38
+4 19
+1 19
+3 19
+1 19
+1 19
+2 19
+1 19
+1 19
+4 19
+1 19
+1 19
+1 19
+1 19
+1 19
+69 4
+1 4
+1 4
+1 4
+1 4
+2 4
+1 4
+1 4
+1 4
+1 4
+1 4
+1 4
+1 4
+4 4
+1 4
+1 4
+6 4
+1 4
+1 8
+4 4
+1 4
+3 4
+1 4
+1 4
+2 4
+1 4
+1 4
+4 4
+1 4
+1 4
+1 4
+1 4
+1 4
+69 3
+1 3
+1 3
+1 3
+1 3
+2 3
+1 3
+1 3
+1 3
+1 3
+1 3
+1 3
+1 3
+4 3
+1 3
+1 3
+6 3
+1 3
+1 6
+4 3
+1 3
+3 3
+1 3
+1 3
+2 3
+1 3
+1 3
+4 3
+1 3
+1 3
+1 3
+1 3
+1 3
+69 4
+1 4
+1 4
+1 4
+1 4
+2 4
+1 4
+1 4
+1 4
+1 4
+1 4
+1 4
+1 4
+4 4
+1 4
+1 4
+6 4
+1 4
+1 8
+4 4
+1 4
+3 4
+1 4
+1 4
+2 4
+1 4
+1 4
+4 4
+1 4
+1 4
+1 4
+1 4
+1 4
+7 1
+1 1
+2 1
+1 1
+2 1
+1 1
+1 1
+2 1
+1 1
+1 1
+4 1
+1 1
+1 1
+1 1
+1 1
+1 1
+41 14
+1 14
+1 14
+1 14
+1 14
+2 14
+1 14
+1 14
+1 14
+1 14
+1 14
+1 14
+1 10
+4 10
+1 10
+1 10
+6 10
+1 10
+1 20
+4 10
+1 10
+3 10
+1 10
+1 10
+2 10
+1 10
+1 10
+4 10
+1 10
+1 10
+1 10
+1 10
+1 10
+69 13
+1 13
+1 13
+1 13
+1 13
+2 13
+1 13
+1 13
+1 13
+1 13
+1 13
+1 13
+1 4
+4 4
+1 4
+1 4
+6 4
+1 4
+1 8
+4 4
+1 4
+3 4
+1 4
+1 4
+2 4
+1 4
+1 4
+4 4
+1 4
+1 4
+1 4
+1 4
+1 4
+69 12
+1 12
+1 12
+1 12
+1 12
+2 12
+1 12
+1 12
+1 12
+1 12
+1 12
+1 12
+1 5
+4 5
+1 5
+1 5
+6 5
+1 5
+1 10
+4 5
+1 5
+3 5
+1 5
+1 5
+2 5
+1 5
+1 5
+4 5
+1 5
+1 5
+1 5
+1 5
+1 5
+69 6
+1 6
+1 6
+1 6
+1 6
+2 6
+1 6
+1 6
+1 6
+1 6
+1 6
+1 6
+1 3
+4 3
+1 3
+1 3
+6 3
+1 3
+1 6
+4 3
+1 3
+3 3
+1 3
+1 3
+2 3
+1 3
+1 3
+4 3
+1 3
+1 3
+1 3
+1 3
+1 3
+69 21
+1 21
+1 21
+1 21
+1 21
+2 21
+1 21
+1 21
+1 21
+1 21
+1 21
+1 21
+1 13
+4 13
+1 13
+1 13
+6 13
+1 13
+1 26
+4 13
+1 13
+3 13
+1 13
+1 13
+2 13
+1 13
+1 13
+4 13
+1 13
+1 13
+1 13
+1 13
+1 13
+7 1
+1 1
+2 1
+1 1
+2 1
+1 1
+1 1
+2 1
+1 1
+1 1
+4 1
+1 1
+1 1
+1 1
+1 1
+1 1
+41 8
+1 8
+1 8
+1 8
+1 8
+2 8
+1 8
+1 8
+1 8
+1 8
+1 8
+1 8
+1 6
+4 6
+1 6
+1 6
+6 6
+1 6
+1 12
+4 6
+1 6
+3 6
+1 6
+1 6
+2 6
+1 6
+1 6
+4 6
+1 6
+1 6
+1 6
+1 6
+1 6
+7 2
+1 2
+2 2
+1 2
+2 2
+1 2
+1 2
+2 2
+1 2
+1 2
+4 2
+1 2
+1 2
+1 2
+1 2
+1 2
+41 23
+1 23
+1 23
+1 23
+1 23
+2 23
+1 23
+1 23
+1 23
+1 23
+1 23
+1 23
+1 17
+4 17
+1 17
+1 17
+6 17
+1 17
+1 34
+4 17
+1 17
+3 17
+1 17
+1 17
+2 17
+1 17
+1 17
+4 17
+1 17
+1 17
+1 17
+1 17
+1 17
+7 1
+1 1
+2 1
+1 1
+2 1
+1 1
+1 1
+2 1
+1 1
+1 1
+4 1
+1 1
+1 1
+1 1
+1 1
+1 1
+41 16
+1 16
+1 16
+1 16
+1 16
+2 16
+1 16
+1 16
+1 16
+1 16
+1 16
+1 16
+1 4
+4 4
+1 4
+1 4
+6 4
+1 4
+1 8
+4 4
+1 4
+3 4
+1 4
+1 4
+2 4
+1 4
+1 4
+4 4
+1 4
+1 4
+1 4
+1 4
+1 4
+7 1
+1 1
+2 1
+1 1
+2 1
+1 1
+1 1
+2 1
+1 1
+1 1
+4 1
+1 1
+1 1
+1 1
+1 1
+1 1
+41 12
+1 12
+1 12
+1 12
+1 12
+2 12
+1 12
+1 12
+1 12
+1 12
+1 12
+1 12
+2 7
+4 7
+1 7
+1 7
+6 7
+1 7
+2 14
+4 7
+1 7
+3 7
+1 7
+1 7
+2 7
+1 7
+1 7
+4 7
+1 7
+1 7
+1 7
+1 7
+1 7
+71 144
+2 144
+1 144
+1 144
+1 144
-3 64
+1 64
+1 64
+1 64
+1 150
+5 75
+6 75
+1 75
+8 75
+1 75
-16 408
+6 408
+1 408
+8 408
+1 408

fn=(256)
98 1
+27 1
+1 1
+1 1
+1 1
+1 1
+2 1
+1 1
+2 1
+1 1
+21 1
+1 1
+1 1
+1 1
+1 1
+1 1
+1 1
+1 1
+17 1
+1 1
+1 1
+1 1
+1 1
+1 1
+1 1
2104 1
+3 1
+1 1
+2 1
+1 1
+8 1
+1 1

ob=(3)
fl=(154)
fn=(840) 0x00000000048cf240
0 10
cob=(2)
cfi=(212) /usr/src/debug/glibc/glibc/string/../sysdeps/x86_64/multiarch/strlen-avx2.S
cfn=(732) __strlen_avx2
calls=5 52 
0 70

fn=(572) 0x0000000000124000
0 7

fn=(710) 0x00000000048cf200
0 90
cob=(2)
cfi=(207) /usr/src/debug/glibc/glibc/string/../sysdeps/x86_64/multiarch/memchr-avx2.S
cfn=(712) __memchr_avx2
calls=45 61 
0 1628

fn=(1000)
0 4

fn=(544)
0 7

fn=(522)
0 7

fn=(680) 0x00000000048cf330
0 2
cob=(2)
cfi=(200) /usr/src/debug/glibc/glibc/string/../sysdeps/x86_64/multiarch/strchr-avx2.S
cfn=(682) __strchr_avx2
calls=1 53 
0 21

fn=(842) 0x00000000048cf2e0
0 24
cob=(2)
cfi=(235) /usr/src/debug/glibc/glibc/string/../sysdeps/x86_64/multiarch/strcmp-avx2.S
cfn=(844) __strncmp_avx2
calls=12 206 
0 354

fn=(980)
0 4

fn=(536) 0x00000000048cf320
0 2
cob=(2)
cfi=(158) /usr/src/debug/glibc/glibc/string/../sysdeps/x86_64/multiarch/strrchr-avx2.S
cfn=(538) __strrchr_avx2
calls=1 53 
0 22

fn=(962)
0 4

ob=(4)
fl=(155)
fn=(526)
0 12

fn=(966)
0 9
cob=(2)
cfi=(242) /usr/src/debug/glibc/glibc/stdlib/cxa_finalize.c
cfn=(948) __cxa_finalize
calls=1 45 
0 78
0 1
cfn=(974) 0x0000000000001020
calls=1 0 
0 5
0 3

fn=(974)
0 5

ob=(2)
fl=(211) /usr/src/debug/glibc/glibc/libio/strops.c
fn=(730) _IO_str_init_static_internal
36 672
+4 84
+1 84
cfi=(212)
cfn=(732)
calls=42 +11 
* 1224
* 42
+5 210
cfi=(195) /usr/src/debug/glibc/glibc/libio/genops.c
cfn=(700) _IO_setb
calls=42 356 
* 1218
+5 84
-1 168
+14 42
-14 252
+15 336
-14 126

fl=(90)
fn=(320)
29 1
fi=(91) /usr/src/debug/glibc/glibc/debug/../sysdeps/x86_64/multiarch/ifunc-memmove.h
+28 3
-1 2
+4 3
+14 2
+3 2
+8 2
+8 2
+3 5
fe=(90)

fl=(86)
fn=(312)
31 1
fi=(87) /usr/src/debug/glibc/glibc/wcsmbs/../sysdeps/x86_64/multiarch/ifunc-wcs.h
+9 3
-1 4
+2 3
+3 2
+4 4
fi=(253) /usr/src/debug/glibc/glibc/wcsmbs/../sysdeps/x86_64/multiarch/wcpncpy.c
-17 1
fe=(86)

fl=(127)
fn=(418)
31 1
fi=(83) /usr/src/debug/glibc/glibc/string/../sysdeps/x86_64/multiarch/ifunc-strcasecmp.h
+6 2
-1 4
fe=(127)
-5 2
fi=(83)
+7 3
+3 2
+4 3
+3 4
fe=(127)

fl=(197) /usr/src/debug/glibc/glibc/nptl/libc-cleanup.c
fn=(670) __libc_cleanup_pop_restore
54 46
+1 46
+2 92
+2 46
+1 138
+11 46

fn=(668) __libc_cleanup_push_defer
24 46
+1 46
+2 92
+2 92
+3 92
+14 138
+2 46
+1 46

fl=(213) /usr/src/debug/glibc/glibc/stdio-common/vfscanf-internal.c
fn=(734) __vfscanf_internal
278 210
fi=(215) /usr/src/debug/glibc/glibc/stdio-common/../include/scratch_buffer.h
77 42
fe=(213)
278 336
+10 210
+1 42
fi=(215)
77 42
fe=(213)
339 42
-50 42
+50 84
fi=(215)
78 42
fe=(213)
339 42
+6 126
+3 210
+4 42
+20 84
-20 42
+13 42
-6 42
+8 84
-8 42
+8 42
+5 84
-5 42
+5 126
cfi=(197)
cfn=(668)
calls=42 24 
* 546
* 168
+9 84
fi=(254) /usr/src/debug/glibc/glibc/stdio-common/../string/bits/string_fortified.h
59 42
fe=(213)
381 84
-88 42
+39 42
-48 42
-1 42
-1 42
+46 42
-1 42
-1 42
-1 42
-12 42
-30 126
419 252
+24 252
+1 252
+3 210
+7 378
+8 84
+8 84
-27 84
-62 378
3095 168
206 84
+17 84
489 84
223 84
-1 168
489 168
222 168
489 168
+44 756
345 84
483 168
fi=(214) /usr/src/debug/glibc/glibc/stdio-common/printf-parse.h
55 252
fe=(213)
505 84
+1 252
660 252
+4 84
+1 420
3105 294
cfi=(197)
cfn=(670)
calls=42 54 
* 378
fi=(215)
85 126
fe=(213)
3109 84
+17 84
+6 504
669 252
+1 84
+6 1092
+3 168
-3 84
+3 168
-3 252
530 252
+16 252
+8 84
-21 168
fi=(214)
55 84
fe=(213)
680 420
+1 420
+4 84
-5 168
+1 168
cfi=(195)
cfn=(738) _IO_sputbackc
calls=84 -19 
* 1848
+4 1008
1450 504
+5 84
-5 84
+5 252
+9 420
+3 112
260 56
1467 112
260 112
+3 168
1470 392
+2 448
+12 112
+10 112
1813 336
fi=(215)
113 840
fe=(213)
1815 1472
260 1304
1877 652
260 1304
+3 1956
1879 2608
+2 4564
-68 1808
231 84
1884 168
206 84
1891 168
214 168
1892 168
+28 168
263 252
1924 168
1742 168
1942 168
206 84
1742 168
1941 252
+7 252
+3 336
+6 84
-4 168
+18 756
+9 168
685 168
1817 3764
1920 504
cfi=(195)
cfn=(738)
calls=84 662 
* 1848
* 336
260 168
1498 56
1813 168
1501 252
1945 84
cfi=(216) /usr/src/debug/glibc/glibc/stdlib/../stdlib/strtol.c
cfn=(742) __strtoul_internal
calls=84 107 
* 22430
* 252
+25 168
+1 252

fl=(223) /usr/src/debug/glibc/glibc/nptl/pthread_attr_extension.c
fn=(776) __pthread_attr_extension
25 1
+1 2
-1 1
+3 1
-3 3
+3 1
-3 1
+3 1
cfi=(188) /usr/src/debug/glibc/glibc/malloc/malloc.c
cfn=(778) calloc
calls=1 3699 
* 240
* 1
+1 2
-2 1
+5 3

fl=(169) /usr/src/debug/glibc/glibc/setjmp/../sysdeps/x86_64/bsd-_setjmp.S
fn=(588) _setjmp
28 1
+2 1
+2 1
cfi=(170) /usr/src/debug/glibc/glibc/setjmp/../sysdeps/x86_64/setjmp.S
cfn=(590) __sigsetjmp
calls=1 -1 
* 35

fl=(173) /usr/src/debug/glibc/glibc/signal/../sysdeps/posix/signal.c
fn=(600) signal
30 4
+4 7
fi=(174) /usr/src/debug/glibc/glibc/signal/../sysdeps/unix/sysv/linux/internal-signals.h
+19 1
fe=(173)
-18 2
fi=(175) /usr/src/debug/glibc/glibc/signal/../sysdeps/unix/sysv/linux/sigsetops.h
+67 1
fe=(173)
-61 1
+4 2
fi=(175)
+57 1
+2 1
-8 1
fe=(173)
-52 4
+1 1
cfi=(176) /usr/src/debug/glibc/glibc/signal/sigaction.c
cfn=(606) sigaction
calls=1 -19 
* 83
* 1
+3 1
-3 2
+4 5

fl=(243) /usr/src/debug/glibc/glibc/posix/register-atfork.c
fn=(950) __unregister_atfork
82 6
+1 6
-1 12
+1 6
fi=(244) /usr/src/debug/glibc/glibc/posix/../malloc/dynarray-skeleton.c
243 3
fe=(243)
71 6
+38 12
+1 9

fl=(104)
fn=(360)
29 1
fi=(105) /usr/src/debug/glibc/glibc/wcsmbs/../sysdeps/x86_64/multiarch/ifunc-wcslen.h
+12 2
-1 4
+2 3
+3 2
+4 3
+3 3
fe=(104)
-23 1

fl=(116)
fn=(390)
65 1
-22 2
+1 1
-2 4
+2 2
+3 2
+4 3
+3 3
+11 1

fl=(132)
fn=(434)
31 1
fi=(83)
+6 2
-1 4
fe=(132)
-5 2
fi=(83)
+7 3
+3 2
+4 3
+3 4
fe=(132)

fl=(102)
fn=(352)
29 1
fi=(91)
+28 3
-1 2
+4 3
+14 2
+3 2
+8 2
+8 2
+3 5
fe=(102)

fl=(202) /usr/src/debug/glibc/glibc/libio/iogetdelim.c
fn=(686) getdelim
41 420
+6 42
-6 126
+6 84
+7 168
+8 249
+12 126
+1 84
-34 84
+60 45
+6 45
-7 90
+1 45
+6 45
-6 90
+4 5
+2 1
cfi=(188)
cfn=(714) realloc
calls=1 3407 
* 372
+1 2
-1 1
+1 1
+6 2
+1 2
+2 3
fi=(255) /usr/src/debug/glibc/glibc/libio/../string/bits/string_fortified.h
-88 3
cfi=(208) /usr/src/debug/glibc/glibc/string/../sysdeps/x86_64/multiarch/memmove-vec-unaligned-erms.S
cfn=(720) __memcpy_avx_unaligned_erms
calls=1 255 
* 30
fe=(202)
+88 88
fi=(255)
-88 132
cfi=(208)
cfn=(720)
calls=44 255 
* 849
fe=(202)
+91 45
-2 45
+2 96
cfi=(195)
cfn=(688) __underflow
calls=3 296 
* 393
* 6
+2 6
-3 3
+3 3
-33 12
cob=(3)
cfi=(154)
cfn=(710)
calls=3 -89 
* 93
* 168
cob=(3)
cfi=(154)
cfn=(710)
calls=42 -89 
* 1625
* 45
+2 180
+1 180
fi=(205) /usr/src/debug/glibc/glibc/libio/libioP.h
979 84
fe=(202)
130 378
-82 84
+16 1
+1 1
-1 1
+1 1
cfi=(188)
cfn=(634) malloc
calls=1 3294 
* 193
* 2
+1 2
+58 126
fi=(205)
979 84
fe=(202)
77 2
cfi=(195)
cfn=(688)
calls=1 296 
* 432
* 2
+5 4

fl=(224) /usr/src/debug/glibc/glibc/nptl/pthread_attr_getstack.c
fn=(782) pthread_attr_getstack@@GLIBC_2.34
24 1
+7 1
-7 1
+7 3
+7 1
-3 1
+3 1

fl=(182) /usr/src/debug/glibc/glibc/misc/../sysdeps/unix/sysv/linux/getpagesize.c
fn=(620) getpagesize
27 2
+1 8
+2 2

fl=(108)
fn=(368)
30 1
fi=(105)
+11 2
-1 4
+2 3
+3 2
+4 3
+3 3
fe=(108)
-22 1

fl=(206) /usr/src/debug/glibc/glibc/io/../sysdeps/unix/sysv/linux/read_nocancel.c
fn=(708) __read_nocancel
25 4
+1 16
+1 4

fl=(183) /usr/src/debug/glibc/glibc/nptl/pthread_self.c
fn=(622) pthread_self
23 1
+2 2

fl=(156)
fn=(532)
46 6
+5 2
+4 5
+8 1
-2 1
+10 1
-9 1
+1 1
+9 3
-1 1
cfi=(157) /usr/src/debug/glibc/glibc/misc/init-misc.c
cfn=(534) __init_misc
calls=1 -41 
* 50

fl=(229) /usr/src/debug/glibc/glibc/misc/../sysdeps/unix/syscall-template.S
fn=(924) munmap
117 5
+5 1

fn=(794) mprotect
117 5
+5 1

fl=(237) /usr/src/debug/glibc/glibc/termios/../sysdeps/unix/sysv/linux/tcgetattr.c
fn=(862) tcgetattr
34 2
+4 1
-4 5
+4 5
+39 6
-39 5

fl=(112)
fn=(378)
79 1
-31 2
+1 1
-2 4
+2 2
+3 2
+4 3
+3 3
+20 1

fl=(125)
fn=(414)
29 1
fi=(256) /usr/src/debug/glibc/glibc/string/../sysdeps/x86_64/multiarch/ifunc-sse4_2.h
+7 5
fe=(125)
-7 1

fl=(204) /usr/src/debug/glibc/glibc/io/../sysdeps/unix/sysv/linux/fstat64.c
fn=(698) fstat
30 1
+9 4
+33 1

fl=(222) /usr/src/debug/glibc/glibc/nptl/pthread_attr_setaffinity.c
fn=(774) pthread_attr_setaffinity_np@@GLIBC_2.32
29 8
+5 5
+28 1
+1 7
-18 1
cfi=(223)
cfn=(776)
calls=1 -20 
* 258
+1 2
+3 1
+2 1
-2 2
+2 2
cfi=(188)
cfn=(714)
calls=1 3407 
* 219
* 1
+1 2
+3 2
+1 1
fi=(186) /usr/src/debug/glibc/glibc/nptl/../string/bits/string_fortified.h
-27 3
cfi=(208)
cfn=(720)
calls=1 255 
* 12
* 1
fe=(222)

fl=(119)
fn=(400)
31 1
fi=(120) /usr/src/debug/glibc/glibc/string/../sysdeps/x86_64/multiarch/ifunc-strncpy.h
+4 5
+1 3
+3 2
+4 3
+3 4
fe=(119)
-15 1

fl=(176)
fn=(606)
26 5
+1 15
fi=(174)
+26 5
fe=(176)
-26 10
+6 5
cfi=(177) /usr/src/debug/glibc/glibc/signal/../sysdeps/unix/sysv/linux/libc_sigaction.c
cfn=(610) __libc_sigaction
calls=5 +10 
* 279

fl=(126)
fn=(416)
60 1
-17 2
-1 4
+2 3
+2 2
+4 3
+10 1

fl=(198) /usr/src/debug/glibc/glibc/io/../sysdeps/unix/sysv/linux/open64_nocancel.c
fn=(676) __open_nocancel
28 5
+3 9
+8 7
+2 5

fl=(226) /usr/src/debug/glibc/glibc/signal/../sysdeps/unix/syscall-template.S
fn=(788) sigaltstack
120 15
+2 3

fl=(238) /usr/src/debug/glibc/glibc/io/../sysdeps/unix/sysv/linux/write.c
fn=(916) write
25 1
+1 6
+1 1

fl=(171) /usr/src/debug/glibc/glibc/setjmp/sigjmp.c
fn=(592) __sigjmp_save
28 6
+2 2
-1 1
+5 4

fl=(121)
fn=(404)
31 2
fi=(122) /usr/src/debug/glibc/glibc/wcsmbs/../sysdeps/x86_64/multiarch/ifunc-evex.h
+7 6
-1 8
+2 6
+6 4
-3 4
+9 6
+3 8
fe=(121)
-23 2

fl=(152) /usr/src/debug/glibc/glibc/nptl/../sysdeps/unix/sysv/linux/x86/elision-conf.c
fn=(500) __lll_elision_init
92 2
+4 1
-4 3
+4 6
cob=(1)
cfi=(11)
cfn=(28)
calls=1 438 
* 24
+2 4
cob=(1)
cfi=(11)
cfn=(28)
calls=1 438 
* 24
+2 4
cob=(1)
cfi=(11)
cfn=(28)
calls=1 438 
* 24
+2 4
cob=(1)
cfi=(11)
cfn=(28)
calls=1 438 
* 24
+2 4
cob=(1)
cfi=(11)
cfn=(28)
calls=1 438 
* 24
+3 3
+1 1
+1 6

fl=(138)
fn=(454)
29 1
fi=(256)
+7 5
fe=(138)
-7 1

fl=(201) /usr/src/debug/glibc/glibc/stdio-common/getline.c
fn=(684) getline
27 84
+1 84
cfi=(202)
cfn=(686)
calls=42 +13 
* 7531

fl=(157)
fn=(534)
30 1
+1 2
-1 4
+1 4
+2 3
cob=(3)
cfi=(154)
cfn=(536)
calls=1 -33 
* 24
+4 5
+1 3
+2 4

fl=(98)
fn=(340)
29 2
fi=(99) /usr/src/debug/glibc/glibc/debug/../sysdeps/x86_64/multiarch/ifunc-memset.h
+25 10
+3 6
+7 4
+9 4
+2 4
+10 4
+8 4
+3 10
fe=(98)

fl=(129)
fn=(426)
29 3
fi=(130) /usr/src/debug/glibc/glibc/string/../sysdeps/x86_64/multiarch/ifunc-memcmp.h
+5 15
+1 6
+1 6
+1 9
+3 6
+4 9
+3 12
fe=(129)
-18 6

fl=(203) /usr/src/debug/glibc/glibc/libio/filedoalloc.c
fn=(694) _IO_file_doallocate
78 7
+6 1
-6 3
+6 3
fi=(205)
1025 3
+1 2
fe=(203)
84 3
cfi=(196) /usr/src/debug/glibc/glibc/libio/fileops.c
cfn=(696) _IO_file_stat
calls=1 1147 
* 9
* 2
+2 4
+11 4
+4 2
cfi=(188)
cfn=(634)
calls=1 3294 
* 177
* 1
+1 2
+2 4
cfi=(195)
cfn=(700)
calls=1 356 
* 29
+1 1
+1 9

fl=(117)
fn=(392)
28 1
fi=(110) /usr/src/debug/glibc/glibc/string/../sysdeps/x86_64/multiarch/ifunc-avx2.h
+12 3
-2 4
fe=(117)
-10 2
fi=(110)
+13 2
+1 3
+3 2
+4 3
+3 5
fe=(117)

fl=(177)
fn=(610)
43 40
+5 10
fi=(178) /usr/src/debug/glibc/glibc/signal/../string/bits/string_fortified.h
-19 3
fe=(177)
+21 3
+8 3
fi=(178)
-29 6
fe=(177)
+21 3
+3 3
fi=(178)
-24 6
fe=(177)
+24 3
+5 3
fi=(178)
-29 6
fe=(177)
+29 3
-5 6
fi=(178)
-24 6
fe=(177)
+24 3
fi=(178)
-24 18
fe=(177)
+29 3
fi=(178)
-29 3
fe=(177)
+29 30
+5 16
fi=(178)
-34 3
fe=(177)
+36 3
fi=(178)
-36 6
fe=(177)
+36 3
+2 3
fi=(178)
-38 6
fe=(177)
+38 3
+1 3
fi=(178)
-39 6
fe=(177)
+39 3
fi=(178)
-39 27
fe=(177)
+42 30
-13 6

fl=(82)
fn=(304)
31 1
fi=(83)
+6 2
-1 4
fe=(82)
-5 2
fi=(83)
+7 3
+3 2
+4 3
+3 4
fe=(82)

fl=(200)
fn=(682)
53 1
+2 1
+1 1
+1 1
+1 1
+1 1
+3 1
+1 1
+4 1
+1 1
+1 1
+1 1
+1 1
+1 1
+1 1
+1 1
+3 1
+8 1
+8 1
+1 2

fl=(166) /usr/src/debug/glibc/glibc/csu/../csu/libc-start.c
fn=(564) __libc_start_main@@GLIBC_2.34
242 13
+69 3
+1 3
cfi=(167) /usr/src/debug/glibc/glibc/stdlib/cxa_atexit.c
cfn=(566) __cxa_atexit
calls=1 67 
* 77
+25 6
+6 2
-3 2
+10 2
cob=(1)
cfi=(48)
cfn=(584)
calls=1 118 
* 5
+2 2
+8 4
cfi=(168) /usr/src/debug/glibc/glibc/csu/../sysdeps/nptl/libc_start_call_main.h
cfn=(586) (below main)
calls=1 29 
* 103309
128 2
+6 3
+1 6
cob=(3)
cfi=(154)
cfn=(572)
calls=1 0 
* 7
* 1
+3 1
+1 2
+3 1
+1 2
-1 2
+2 9
+1 4
cob=(6)
cfi=(165)
cfn=(578) 0x0000000000024310
calls=1 0 
* 12
* 4
cob=(6)
cfi=(165)
cfn=(576) std::sys::pal::unix::args::imp::ARGV_INIT_ARRAY::init_wrapper
calls=1 0 
* 7
-1 9

fl=(106)
fn=(364)
29 3
fi=(107) /usr/src/debug/glibc/glibc/string/../sysdeps/x86_64/multiarch/ifunc-memset.h
+25 15
+3 9
+7 6
+9 6
+2 6
+10 6
+8 6
+3 15
fe=(106)

fl=(131)
fn=(430)
29 1
fi=(89) /usr/src/debug/glibc/glibc/string/../sysdeps/x86_64/multiarch/ifunc-strcpy.h
+9 2
+1 1
-1 2
+1 2
+3 2
+4 3
+3 3
fe=(131)
-20 1

fl=(134)
fn=(442)
29 1
fi=(120)
+6 5
+1 3
+3 2
+4 3
+3 4
fe=(134)
-17 1

fl=(239) /usr/src/debug/glibc/glibc/stdlib/exit.c
fn=(928) exit
137 2
+1 3
-1 1
+1 1
cfn=(930) __run_exit_handlers
calls=1 38 
* 1958

fn=(930)
38 12
+2 2
+3 6
+11 1
+2 2
+8 3
+2 1
+1 1
-1 1
+3 7
+44 3
-49 3
+55 2
+1 2
+6 1
-66 1
+66 3
+2 2
+3 2
cfi=(247) /usr/src/debug/glibc/glibc/posix/../sysdeps/unix/sysv/linux/_exit.c
cfn=(1008) _Exit
calls=1 27 
* 4
-29 1
+1 1
-2 1
+3 1
+3 1
-3 2
+3 3
+1 3
cob=(1)
cfi=(240)
cfn=(938)
calls=1 -82 
* 1283
+1 4
-68 1
cfi=(230) /usr/src/debug/glibc/glibc/stdlib/cxa_thread_atexit_impl.c
cfn=(932) __call_tls_dtors
calls=1 148 
* 238
* 1
+88 1
cfi=(195)
cfn=(1002) _IO_cleanup
calls=1 869 
* 357
* 1

fl=(191) /usr/src/debug/glibc/glibc/malloc/morecore.c
fn=(650) __glibc_morecore
25 2
+1 4
-1 4
+4 2
cfi=(192) /usr/src/debug/glibc/glibc/misc/sbrk.c
cfn=(652) sbrk
calls=2 +8 
* 77
+1 4
+4 4

fl=(195)
fn=(666) _IO_link_in
108 14
+1 10
+24 18
-22 1
+2 3
-2 1
+2 4
cfi=(197)
cfn=(668)
calls=1 -89 
* 13
+1 7
+13 6
+2 1
-2 1
+1 1
+1 5
+1 2
cfi=(197)
cfn=(670)
calls=1 -76 
* 9
+3 1
-19 2
+1 1
+1 10
+2 1
+3 2
-3 1
+4 2
+1 1
+2 1
-2 1
+4 1

fn=(688)
296 20
+1 4
-1 4
+1 9
+5 8
+3 12
+2 8
+6 8
+7 4
fi=(205)
1025 12
+1 8
fe=(195)
320 8
+1 12
-1 4
cfi=(196)
cfn=(690) _IO_file_underflow@@GLIBC_2.2.5
calls=4 462 
* 686
-23 6
+21 12

fn=(704) _IO_switch_to_get_mode
191 24
+1 12
+3 12
+4 8
+1 8
+7 4
-4 4
+4 4
-2 8
+3 4
+1 16

fn=(1004) _IO_flush_all
713 5
+5 1
-5 1
+5 1
-5 6
+5 4
cfi=(197)
cfn=(668)
calls=1 24 
* 13
+1 6
-5 1
fi=(205)
1025 2
fe=(195)
735 33
+1 3
-14 9
+2 3
+1 27
+2 21
+13 7
+1 2
cfi=(197)
cfn=(670)
calls=1 54 
* 9
+4 12
-20 9
-6 1
+3 1
-8 1
+5 1
+3 2

fn=(660) _IO_no_init
590 473
+1 43
cfn=(662) _IO_old_init
calls=43 -33 
* 991
+1 43
+1 86
+2 1
+4 1
+7 1
+2 1
-9 5
+15 1
+1 6
-1 42
+1 252
-2 84

fn=(700)
356 484
+1 178
+5 88
-3 44
+3 88
-2 44
+2 88
+3 264
-7 1
cfi=(188)
cfn=(746) free
calls=1 3359 
* 85
+4 2

fn=(692) _IO_doallocbuf
370 1
+1 2
-1 7
+3 3
+1 1
fi=(205)
1025 3
+1 2
fe=(195)
374 2
cfi=(203)
cfn=(694)
calls=1 78 
* 266
* 2
+3 6

fn=(1002)
869 6
-66 1
+66 6
+1 1
cfn=(1004)
calls=1 713 
* 181
-67 2
+67 1
-67 3
cfi=(197)
cfn=(668)
calls=1 24 
* 13
+1 6
fi=(205)
1025 2
fe=(195)
844 3
-37 9
+5 3
-1 3
+1 27
+9 6
+20 2
+2 30
-24 6
+22 1
+2 1
+5 7
+1 2
cfi=(197)
cfn=(670)
calls=1 54 
* 9
+33 12
-70 9
-8 1
+3 1
-3 1
+3 2

ob=(5)
fl=(245)
fn=(982)
58 2
+3 1
-3 1
+3 1
cfi=(246) /usr/src/debug/gcc/gcc/libgcc/unwind-dw2-btree.h
cfn=(984) btree_destroy
calls=1 356 
* 16
+1 2
cfi=(246)
cfn=(984)
calls=1 356 
* 16
+1 1
+1 2

fl=(246)
fn=(984)
356 2
+3 2
-3 8
+3 2
+1 4
+4 6
+6 8

fl=(161)
fn=(548)
60 1
fi=(163) /usr/src/debug/gcc/gcc/libgcc/../gcc/common/config/i386/cpuinfo.h
1111 4
fe=(161)
60 1
fi=(162) /usr/src/debug/gcc/gcc-build/gcc/include/cpuid.h
310 1
fe=(161)
60 6
fi=(162)
310 1
+21 2
+3 4
fi=(163)
1124 2
fi=(162)
310 2
+21 2
+3 3
fi=(163)
1138 1
737 1
fi=(162)
334 1
fi=(163)
1138 1
fi=(162)
334 1
fi=(163)
1138 1
+1 4
+1 4
737 2
+24 2
92 1
763 2
92 1
765 2
92 1
767 2
92 1
+9 1
769 2
+2 2
+3 2
92 1
776 3
92 1
778 2
92 1
780 2
92 1
782 2
92 1
784 2
92 1
786 2
92 1
788 2
+2 2
+2 2
+2 2
92 1
796 2
+2 2
+2 2
+2 2
92 1
804 2
92 1
806 2
+5 2
+4 4
+1 2
92 1
818 2
+2 2
+2 2
+2 2
+2 2
92 1
828 2
+2 2
+3 2
92 1
835 2
+2 2
+2 2
+2 2
+2 2
+2 2
+2 2
+3 2
+2 2
+2 2
+2 2
+2 2
+2 2
+2 2
+2 2
+2 2
+4 2
+2 2
+2 2
+2 2
+2 2
+2 2
+9 2
+38 2
+56 2
+2 3
+1 2
+2 2
+2 2
+5 2
+50 3
+4 2
+2 2
+2 2
+2 2
+2 3
+2 2
+2 2
+2 2
+2 2
+2 2
+3 2
+2 2
+2 2
+3 2
+2 2
+2 2
+5 2
+2 2
+1 2
+2 2
75 1
1147 2
+16 1
75 1
1204 2
66 1
1205 2
-93 1
fe=(161)
62 1
+2 7
fi=(163)
743 2
+3 4
+7 5
+2 1
-1 1
-1 1
+1 2
1150 2
+6 3
350 4
1163 2
101 1
+2 1
-2 1
+2 1
-2 1
+2 1
-2 1
+2 1
-2 1
+2 1
-2 1
+2 1
-2 1
+2 1
735 2
101 1
1210 2
+1 2
+1 2
+1 2
101 4
1219 4
+1 2
+1 2
fe=(161)

ob=(2)
fl=(195)
fn=(662)
558 43
+3 43
-2 43
+2 43
+5 43
-7 43
+2 43
+10 43
-10 43
+16 43
-11 43
-5 43
+16 43
-16 43
+21 43
-16 215
+16 86
+1 2
+2 43

fn=(738)
662 1176
+3 504
+1 336
+9 168
+3 840
-10 336
+1 168
+5 168

fn=(752) _IO_un_link
66 2
+1 4
+36 2
cfn=(754) __GI__IO_un_link.part.0
calls=1 -38 
* 87

fn=(768) _IO_default_finish
628 6
+2 3
+6 3
+3 3
67 2
651 3

fn=(754)
65 1
+6 1
-6 3
+6 1
-6 5
+6 4
cfi=(197)
cfn=(668)
calls=1 -47 
* 13
+1 6
+2 1
-1 1
+1 2
+6 1
+1 1
+1 1
+1 2
+1 1
+11 4
+2 3
+2 5
-23 4
+22 1
+1 3
+1 2
cfi=(197)
cfn=(670)
calls=1 -46 
* 9
+3 9
-31 3

fn=(758) _IO_unsave_markers
964 6
+2 2
+5 3
+2 3

fl=(92)
fn=(324)
29 1
fi=(93) /usr/src/debug/glibc/glibc/wcsmbs/../sysdeps/x86_64/multiarch/ifunc-memcmp.h
+5 5
+1 2
+1 2
+1 3
+3 2
+4 3
+3 4
fe=(92)
-18 2

fl=(219) /usr/src/debug/glibc/glibc/io/../sysdeps/unix/sysv/linux/close_nocancel.c
fn=(762) __close_nocancel
25 1
+1 4
+1 1

fl=(228) /usr/src/debug/glibc/glibc/misc/../sysdeps/unix/sysv/linux/mmap64.c
fn=(792) mmap
47 1
+3 2
-3 6
+6 2
+5 6
+2 4
-7 5

fl=(185) /usr/src/debug/glibc/glibc/nptl/pthread_attr_init.c
fn=(626) pthread_attr_init@@GLIBC_2.2.5
32 2
fi=(186)
+27 1
fe=(185)
-27 4
fi=(186)
+27 4
fe=(185)
-13 1
cfi=(182)
cfn=(620)
calls=1 -19 
* 6
* 2
+3 4

fl=(187) /usr/src/debug/glibc/glibc/libio/iofopen.c
fn=(630) fopen@@GLIBC_2.2.5
85 1
+1 2
cfn=(632) __fopen_internal
calls=1 -29 
* 2286

fn=(632)
57 10
+8 1
-8 2
+8 1
cfi=(188)
cfn=(634)
calls=1 3294 
* 1827
+2 3
+3 1
+2 3
-2 1
+2 4
cfi=(195)
cfn=(660)
calls=1 590 
* 56
+1 1
+1 1
-1 1
+1 1
cfi=(196)
cfn=(664) _IO_new_file_init_internal
calls=1 +32 
* 112
+1 5
cfi=(196)
cfn=(672) _IO_file_fopen@@GLIBC_2.2.5
calls=1 213 
* 243
* 2
-38 2
+44 9

fl=(113)
fn=(380)
29 1
fi=(110)
+11 3
-2 4
fe=(113)
-9 2
fi=(110)
+12 2
+1 3
+3 2
+4 3
+3 5
fe=(113)

fl=(94)
fn=(384)
31 2
fi=(114) /usr/src/debug/glibc/glibc/wcsmbs/../sysdeps/x86_64/multiarch/ifunc-avx2.h
+9 6
-2 8
fi=(115) /usr/src/debug/glibc/glibc/wcsmbs/../sysdeps/x86_64/multiarch/wcschr.c
-7 4
fi=(114)
+10 4
+1 6
+3 4
+4 6
+3 10
fe=(94)

fn=(328)
31 1
fi=(87)
+9 3
-1 4
+2 3
+3 2
+4 4
fe=(94)
-17 1

fl=(207)
fn=(712)
61 45
+7 45
+2 45
+3 45
+1 45
+2 45
+1 45
+1 45
+1 45
+3 45
+1 45
+3 45
+1 45
+2 44
+1 44
+1 1
+1 1
+2 2
+7 1
+5 1
+7 1
+1 1
+7 8
+1 8
+1 8
+1 16
+4 1
+1 1
+4 6
+1 6
+1 6
+1 12
+4 14
+1 14
+1 14
+1 28
+5 11
+1 11
+1 11
+1 22
+10 43
+1 43
+1 43
+2 43
+10 43
+1 43
+3 43
+1 43
+2 39
+1 39
+2 31
+1 31
+1 31
+1 31
+2 25
+1 25
+1 25
+1 25
+2 11
+1 11
+1 11
+1 11
+59 4
+1 4
+3 4
+1 4
+4 2
+1 2
+3 1
+1 1
+1 1
+1 1
+1 1
+4 2
+43 1
+1 2
+44 2
+1 2
+1 2
+1 2
+2 2
+1 2
+3 2
+1 2
+3 2
+1 2
+21 2
+1 2
+1 2
+1 4

fl=(208)
fn=(720)
255 55
+1 55
+6 55
+1 55
+2 46
+1 46
+1 46
+3 15
+1 15
+1 15
+3 30
+30 9
+1 9
+2 8
+1 8
+2 3
+4 3
+1 2
+1 2
+1 1
+1 1
+1 1
+1 1
+2 1
+2 2
+6 1
+1 1
+1 1
+1 1
+1 1
+7 1
+1 1
+1 1
+1 1
+2 1
+17 5
+1 5
+1 5
+1 5
+1 5
+7 25
+1 25
+1 25
+1 25
+1 25
+1 25
+1 50
+5 31
+1 31
+5 31
+1 31
+2 31
+1 31
+1 31
+2 6
+1 6
+1 6
+1 6
+1 6
+1 6
+1 6
+1 6
+1 6
+1 6
+1 6
+1 6
+1 6
+1 6
+1 12

fl=(172) /usr/src/debug/glibc/glibc/io/../sysdeps/unix/sysv/linux/poll.c
fn=(598) poll
27 1
+2 6
+14 1

fl=(159)
fn=(540)
545 1
+1 4
+1 3
+1 3
+2 1

fl=(160)
fn=(542)
64 1
+3 3
-1 2
+3 1
-1 1
-1 3
+2 2
-1 2
-1 6
+3 1

fl=(220) /usr/src/debug/glibc/glibc/nptl/pthread_getaffinity.c
fn=(770) pthread_getaffinity_np@@GLIBC_2.32
30 2
+3 6
+2 2
-5 2
+9 4
fi=(186)
+20 1
fe=(220)
-29 1
fi=(186)
+29 1
cfi=(221) /usr/src/debug/glibc/glibc/string/../sysdeps/x86_64/multiarch/memset-vec-unaligned-erms.S
cfn=(772) __memset_avx2_unaligned_erms
calls=1 198 
* 11
fe=(220)
-18 1
+1 2

fl=(225) /usr/src/debug/glibc/glibc/nptl/pthread_attr_destroy.c
fn=(784) pthread_attr_destroy
26 1
+10 3
-10 5
+12 2
cfi=(188)
cfn=(746)
calls=1 3359 
* 85
+1 2
cfi=(188)
cfn=(746)
calls=1 3359 
* 85
+5 4

fl=(168)
fn=(586)
29 6
+15 4
cfi=(169)
cfn=(588)
calls=1 -16 
* 38
* 1
+2 2
+5 2
+1 2
+3 2
+3 6
cob=(6)
cfi=(165)
cfn=(594) main
calls=1 -58 
* 103246

fl=(84)
fn=(308)
33 1
fi=(85) /usr/src/debug/glibc/glibc/string/../sysdeps/x86_64/multiarch/ifunc-memmove.h
+24 3
-1 2
+4 3
+14 2
+3 2
+8 2
+8 2
+3 5
fe=(84)

fl=(111)
fn=(376)
29 1
fi=(256)
+7 5
fe=(111)
-7 1

fl=(217) /usr/src/debug/glibc/glibc/stdlib/../stdlib/strtol_l.c
fn=(744) ____strtoul_l_internal
238 420
+54 84
-54 84
+19 84
-19 588
+26 168
+31 336
+9 504
+2 168
+5 168
+5 84
-6 84
+7 252
+3 252
+15 56
+55 84
+1 84
+60 140
+26 28
+1 28
-84 28
-1 28
+96 56
-12 56
+1 56
-84 56
-1 56
+96 112
-5 1416
+5 708
+1 2124
-41 1416
+2 2664
+2 2124
+7 162
+17 162
+1 162
+3 2124
+3 1416
+11 168
+5 252
+1 84
+12 168
+11 504
+22 756
342 56
+48 28
258 28
387 56
-65 392
+5 112
+63 56
+1 112
-1 56
+1 112
+4 56
-4 56
+60 56
332 280

fl=(123)
fn=(408)
67 1
-23 2
-1 4
+24 2
-22 3
+3 2
+4 3
+3 4

fl=(136)
fn=(450)
29 1
fi=(137) /usr/src/debug/glibc/glibc/string/../sysdeps/x86_64/multiarch/ifunc-evex.h
+9 3
-1 4
+2 3
+6 2
-3 2
+9 3
+3 4
fe=(136)
-25 1

fl=(236) /usr/src/debug/glibc/glibc/io/../sysdeps/posix/isatty.c
fn=(860) isatty
24 4
+3 4
cfi=(237)
cfn=(862)
calls=1 +7 
* 24
* 2
+1 6

fl=(149) /usr/src/debug/glibc/glibc/resource/../sysdeps/unix/sysv/linux/getrlimit64.c
fn=(494) getrlimit
38 4
+1 14
+1 2

fl=(247)
fn=(1008)
27 2
+3 2

fl=(170)
fn=(590)
31 1
+2 1
+9 1
+1 2
+1 1
+4 1
+1 1
+1 1
+1 1
+1 1
+2 2
+2 1
+1 1
+1 1
+2 2
+2 1
+5 1
+1 1
+17 1
cfi=(171)
cfn=(592)
calls=1 -57 
* 13

fl=(209) /usr/src/debug/glibc/glibc/stdio-common/isoc23_sscanf.c
fn=(726) __isoc23_sscanf
24 756
fi=(210) /usr/src/debug/glibc/glibc/stdio-common/../libio/strfile.h
+64 252
-1 42
+1 42
cfi=(195)
cfn=(660)
calls=42 590 
* 1974
+1 42
+1 84
-1 42
+1 126
cfi=(211)
cfn=(730)
calls=42 -54 
* 4542
fe=(209)
-60 42
+1 84
-1 42
+1 42
-1 42
+1 42
-1 126
+1 42
cfi=(213)
cfn=(734)
calls=42 278 
* 71934
+5 378

fl=(167)
fn=(570) __new_exitfn
80 1
+6 2
-6 4
+11 2
-10 1
+10 4
+2 4
-2 1
+10 1
-10 3
+45 1
+5 3
-4 1
+4 2
-18 1
-1 1
+12 1

fn=(566)
67 1
+1 2
cfn=(568) __internal_atexit
calls=1 -32 
* 74

fn=(568)
36 8
+5 2
+2 8
+1 2
cfn=(570)
calls=1 +36 
* 33
+2 2
+8 1
-2 1
+3 1
+1 1
-4 2
+1 1
+4 4
+1 1
+1 7

fl=(124)
fn=(410)
31 1
fi=(83)
+6 2
-1 4
fe=(124)
-5 2
fi=(83)
+7 3
+3 2
+4 3
+3 4
fe=(124)

fl=(151) /usr/src/debug/glibc/glibc/nptl/pthread_mutex_conf.c
fn=(498) __pthread_tunables_init
55 2
+1 2
-1 3
+1 5
cob=(1)
cfi=(11)
cfn=(28)
calls=1 438 
* 24
+2 4
cob=(1)
cfi=(11)
cfn=(28)
calls=1 438 
* 23
+2 4
cob=(1)
cfi=(11)
cfn=(28)
calls=1 438 
* 24
+2 6

fl=(158)
fn=(538)
53 1
+1 1
+1 1
+2 1
+1 1
+4 1
+1 1
+1 1
+3 1
+2 1
+1 1
+1 1
+1 1
+3 1
+1 1
+2 1
+1 1
+1 1
+1 1
+1 1
+9 2

fl=(147)
fn=(490)
33 8
+2 1
cfi=(148) /usr/src/debug/glibc/glibc/ctype/ctype-info.c
cfn=(492) __ctype_init
calls=1 -6 
* 17
+3 1
fi=(150) /usr/src/debug/glibc/glibc/elf/../sysdeps/nptl/pthread_early_init.h
-5 2
fe=(147)
+5 1
+3 2
fi=(150)
-8 1
cfi=(149)
cfn=(494)
calls=1 +5 
* 10
* 3
+1 1
+4 5
+7 1
fi=(257) /usr/src/debug/glibc/glibc/elf/../nptl/nptl-stack.h
+16 3
fi=(150)
-16 1
fi=(257)
+16 2
fi=(150)
-7 1
fi=(257)
+7 3
fi=(150)
-9 1
-6 1
+2 2
+4 4
+1 1
+3 1
cfi=(151)
cfn=(498)
calls=1 -1 
* 97
fe=(147)
-9 3
+2 2
-2 1
cfi=(152)
cfn=(500)
calls=1 +45 
* 158

fl=(234) /usr/src/debug/glibc/glibc/stdlib/getenv.c
fn=(838) getenv
24 45
+1 40
+3 5
cob=(3)
cfi=(154)
cfn=(840)
calls=5 -28 
* 80
+1 5
-1 5
+1 1130
+2 560
+1 48
cob=(3)
cfi=(154)
cfn=(842)
calls=12 -32 
* 378
* 24
+5 45

fl=(80)
fn=(300)
86 1
fi=(81) /usr/src/debug/glibc/glibc/string/../sysdeps/x86/cacheinfo.h
-24 1
+3 3
+2 1
+1 1
-1 2
+7 3
+2 1
+1 1
-1 2
+5 2
+3 2
+2 2
+1 2
+1 2
+2 2
fe=(80)
-4 2

fl=(196)
fn=(706) _IO_file_read
1131 4
+3 4
-1 4
+1 4
-1 4
cfi=(206)
cfn=(708)
calls=4 25 
* 24

fn=(664)
106 6
+5 1
-1 1
+3 1
cfi=(195)
cfn=(666)
calls=1 -5 
* 99
+1 1
+1 3

fn=(674) _IO_file_open
182 2
+3 1
-3 10
+2 2
+5 2
+3 2
+3 1
-4 1
+1 3
+3 1
-3 1
+3 1
+10 2
cfi=(195)
cfn=(666)
calls=1 -97 
* 21
+2 1
-1 1
+1 5
-22 1
cfi=(198)
cfn=(676)
calls=1 28 
* 26
* 2

fn=(760) _IO_file_close
1165 1
+3 2
cfi=(219)
cfn=(762)
calls=1 25 
* 6

fn=(766) _IO_file_finish@@GLIBC_2.2.5
168 5
+1 1
-1 1
+1 1
+6 2
+1 3
-1 1
cfi=(195)
cfn=(768)
calls=1 628 
* 20

fn=(756) _IO_file_close_it@@GLIBC_2.2.5
128 7
+2 3
+4 2
+3 1
-3 1
-1 2
+6 1
+3 1
-3 1
cfi=(195)
cfn=(758)
calls=1 964 
* 14
+3 3
fi=(205)
1025 3
+1 2
fe=(196)
142 2
cfn=(760)
calls=1 1165 
* 9
* 1
+3 3
+8 5
cfi=(195)
cfn=(700)
calls=1 356 
* 119
+1 1
+3 1
-3 3
+3 1
cfi=(195)
cfn=(752)
calls=1 -91 
* 4
+5 1
-4 1
+1 1
+3 1
-2 1
+3 7

fn=(672)
213 9
+9 1
-9 3
+9 1
+2 5
+21 1
-8 1
+10 33
357 12
245 4
+36 4
cfn=(674)
calls=1 -99 
* 86
* 1
+3 2
+3 3
cfi=(199) /usr/src/debug/glibc/glibc/string/../string/strstr.c
cfn=(678) __GI_strstr
calls=1 77 
* 59
* 1
+1 2
-16 1
-1 1
+2 1
-5 1
+1 1
-22 6
-19 1
-1 1
-13 2

fn=(690)
462 4
+4 12
-4 36
+7 8
+6 12
+3 8
+12 6
fi=(205)
1025 4
fe=(196)
506 8
cfi=(195)
cfn=(704)
calls=4 191 
* 104
+11 4
-5 4
fi=(205)
1025 4
fe=(196)
512 4
fi=(205)
1025 4
fe=(196)
512 4
+1 4
+2 4
-1 8
fi=(205)
1026 8
fe=(196)
517 16
cfn=(706)
calls=4 1131 
* 44
+9 4
-7 8
+7 8
+9 12
+2 8
+1 32
-57 3
+5 2
cfi=(195)
cfn=(692)
calls=1 370 
* 295
+4 4

fn=(696)
1147 1
+1 2
cfi=(204)
cfn=(698)
calls=1 30 
* 6

fl=(199)
fn=(678)
77 9
+5 1
-5 4
+5 2
+2 4
cob=(3)
cfi=(154)
cfn=(680)
calls=1 -84 
* 23
* 1
+1 2
-40 1
161 12

fl=(193) /usr/src/debug/glibc/glibc/misc/../sysdeps/unix/sysv/linux/brk.c
fn=(654) brk
36 2
fi=(258) /usr/src/debug/glibc/glibc/misc/../sysdeps/unix/sysv/linux/brk_call.h
-12 4
fe=(193)
+13 4
+1 4
+6 2
+1 2

fl=(95)
fn=(332)
31 2
fi=(96) /usr/src/debug/glibc/glibc/wcsmbs/../sysdeps/x86_64/multiarch/ifunc-wmemset.h
+5 10
+1 6
fe=(95)
-6 2

fl=(100)
fn=(344)
29 3
fi=(85)
+28 9
-1 6
+4 9
+14 6
+3 6
+8 6
+8 6
+3 15
fe=(100)

fl=(118)
fn=(396)
30 1
fi=(114)
+10 3
-2 4
fe=(118)
-8 2
fi=(114)
+11 2
+1 3
+3 2
+4 3
+3 5
fe=(118)

fl=(242)
fn=(948)
45 6
+3 6
-3 24
+3 9
+3 12
+4 21
-4 9
+57 12
+4 18
-4 9
+11 6
+1 6
cfi=(243)
cfn=(950)
calls=3 -38 
* 60
+1 12
+1 24

fl=(109)
fn=(372)
31 2
fi=(110)
+9 6
-2 8
fe=(109)
-7 4
fi=(110)
+10 4
+1 6
+3 4
+4 6
+3 10
fe=(109)

fl=(230)
fn=(808) __cxa_thread_atexit_impl
102 5
+4 1
-4 3
+1 1
+3 1
-4 1
+1 2
+3 1
cfi=(188)
cfn=(778)
calls=1 3699 
* 223
+1 2
+3 2
+7 1
-6 1
+1 1
+5 1
-5 2
+1 1
+4 1
cfi=(231)
cfn=(810)
calls=1 -40 
* 44
+3 2
+16 1
+1 2
cfi=(233)
cfn=(814)
calls=1 367 
* 40
+2 2
+3 7
-18 2
cob=(1)
cfi=(232)
cfn=(812)
calls=1 +90 
* 31
+4 5

fn=(932)
148 4
+1 1
-1 1
+1 4
+6 1
-2 3
+2 1
+1 2
cob=(6)
cfi=(165)
cfn=(934) std::thread::CURRENT::__getit::destroy
calls=1 0 
* 125
+6 2
+1 2
cfi=(188)
cfn=(746)
calls=1 3359 
* 85
-14 3
+16 4

fl=(221)
fn=(772)
198 2
+1 4
+5 2
+1 2
+1 1
+1 1
+1 1
+21 1
+1 1
+6 1
+1 1
+12 1
+3 1
+1 1
+12 1
+1 1
+13 1
+1 1
+2 1
+18 1
+1 1
+1 1
+1 1
+3 2
+35 1
+9 1
+1 1
+31 1
+1 1
+1 1

fl=(148)
fn=(492)
29 1
+2 7
+2 4
+2 4
+1 1

fl=(216)
fn=(742)
107 84
+1 336
cfi=(217)
cfn=(744)
calls=84 238 
* 22010

fl=(135)
fn=(446)
29 3
fi=(85)
+28 9
-1 6
+4 9
+14 6
+3 6
+8 6
+8 6
+3 15
fe=(135)

fl=(189) /usr/src/debug/glibc/glibc/malloc/arena.c
fn=(638) ptmalloc_init.part.0
262 1
fi=(190) /usr/src/debug/glibc/glibc/malloc/../sysdeps/unix/sysv/linux/not-cancel.h
97 3
fe=(189)
262 7
+5 1
fi=(190)
97 3
fi=(188)
3143 2
fe=(189)
292 2
+4 3
fi=(188)
1946 6
+3 1
-3 1
+3 2
-3 2
+3 126
-3 126
+3 252
-3 252
+11 1
fe=(189)
300 3
fi=(188)
1958 1
+2 1
fe=(189)
300 1
cob=(1)
cfi=(11)
cfn=(28)
calls=1 438 
* 23
+1 4
cob=(1)
cfi=(11)
cfn=(28)
calls=1 438 
* 24
+1 4
cob=(1)
cfi=(11)
cfn=(28)
calls=1 438 
* 23
+1 4
cob=(1)
cfi=(11)
cfn=(28)
calls=1 438 
* 23
+1 4
cob=(1)
cfi=(11)
cfn=(28)
calls=1 438 
* 24
+1 4
cob=(1)
cfi=(11)
cfn=(28)
calls=1 438 
* 23
+1 4
cob=(1)
cfi=(11)
cfn=(28)
calls=1 438 
* 23
+2 4
cob=(1)
cfi=(11)
cfn=(28)
calls=1 438 
* 23
+1 4
cob=(1)
cfi=(11)
cfn=(28)
calls=1 438 
* 23
+1 4
cob=(1)
cfi=(11)
cfn=(28)
calls=1 438 
* 23
+3 4
cob=(1)
cfi=(11)
cfn=(28)
calls=1 438 
* 23
+1 4
cob=(1)
cfi=(11)
cfn=(28)
calls=1 438 
* 23
+2 2
+10 8

fl=(101)
fn=(348)
31 1
fi=(87)
+9 3
-1 4
+2 3
+3 2
+4 4
fe=(101)
-17 1

fl=(128)
fn=(422)
31 1
fi=(110)
+9 3
-2 4
fe=(128)
-7 2
fi=(110)
+10 2
+1 3
+3 2
+4 3
+3 5
fe=(128)

fl=(212)
fn=(732)
52 48
+13 48
+1 48
+1 48
+3 48
+2 48
+1 48
+3 48
+1 48
+8 48
+1 48
+1 6
+5 12
+26 12
+13 12
+1 12
+1 12
+6 24
+29 15
+13 15
+1 15
+1 15
+6 30
+4 15
+13 15
+1 15
+1 15
+6 30
+7 42
+15 42
+6 42
+1 42
+1 42
+2 30
+1 30
+1 30
+1 30
+2 30
+1 30
+1 30
+1 30
+2 15
+1 15
+1 15
+1 15

fl=(231)
fn=(810)
77 2
+3 6
+2 2
+2 4
-7 8
+11 4
+91 2
+3 2
+2 2
+3 2
-63 2
+66 6
-93 4
+11 8
+4 2
+3 4
-71 2
+1 14
+1 2
+84 6
+1 4

fl=(227) /usr/src/debug/glibc/glibc/misc/getauxval.c
fn=(790) getauxval
56 2
-24 2
-2 4
+5 4
+7 184
+1 88
+19 4
+1 2
+1 2

fl=(233)
fn=(816) __pthread_mutex_unlock_usercnt
48 2
+3 6
+1 4
-4 6
+9 4
+5 2
+1 4
-24 2
+1 8
+1 2
+29 2
+2 2
+32 4
-39 4
+9 4
+6 8
+4 6
+3 4

fn=(814)
367 2
+1 4
cfn=(816)
calls=2 48 
* 74

fl=(192)
fn=(652)
37 16
+6 4
+35 7
-38 4
+18 4
+4 4
+4 4
+8 1
cfi=(193)
cfn=(654)
calls=1 -38 
* 9
* 2
+4 7
-19 2
cfi=(193)
cfn=(654)
calls=1 -23 
* 9
* 2
+4 2

fl=(184) /usr/src/debug/glibc/glibc/nptl/pthread_getattr_np.c
fn=(624) pthread_getattr_np@@GLIBC_2.32
33 9
+4 1
-4 4
+4 1
cfi=(185)
cfn=(626)
calls=1 -5 
* 24
* 1
+1 2
207 12
43 7
fi=(186)
-14 2
fe=(184)
+23 1
-3 3
+6 2
+4 2
+3 3
+50 7
+66 1
+2 4
cfi=(188)
cfn=(714)
calls=1 3407 
* 219
* 1
+1 2
+7 4
cfi=(220)
cfn=(770)
calls=1 30 
* 33
+3 2
+2 7
+1 6
cfi=(222)
cfn=(774)
calls=1 29 
* 529
+4 1
-4 1
+4 1
cfi=(188)
cfn=(746)
calls=1 3359 
* 85
+3 6
+2 2
43 1
+42 3
cfi=(187)
cfn=(630)
calls=1 * 
* 2289
+1 2
-1 1
+1 1
+5 4
cfi=(149)
cfn=(494)
calls=1 -53 
* 10
* 3
+1 1
+73 3
cfi=(218) /usr/src/debug/glibc/glibc/libio/iofclose.c
cfn=(750) fclose@@GLIBC_2.2.5
calls=1 34 
* 477
* 2
+4 1
+2 2
-63 1
+9 3
-14 1
+17 1
-17 1
-1 2
+6 3
+6 1
+1 1
+5 9
+7 210
cfi=(209)
cfn=(726)
calls=42 24 
* 80676
* 84
+2 84
+1 42
-1 84
+1 84
+28 41
-38 82
+2 168
cfi=(201)
cfn=(684)
calls=42 -95 
* 7699
+5 42
-5 84
-10 2
+50 1
cfi=(188)
cfn=(746)
calls=1 3359 
* 85
* 3
-59 9
+2 1
+30 1
-2 1
+12 1
-10 3
+6 2
+3 2
-4 2

fl=(88)
fn=(316)
33 1
fi=(89)
+5 2
+1 1
-1 2
+1 2
+3 2
+4 3
+3 3
fe=(88)
-16 1

fl=(133)
fn=(438)
29 3
fi=(110)
+11 9
-2 12
fe=(133)
-9 6
fi=(110)
+12 6
+1 9
+3 6
+4 9
+3 15
fe=(133)

fl=(179) /usr/src/debug/glibc/glibc/posix/../sysdeps/unix/sysv/linux/x86/sysconf.c
fn=(614) sysconf
32 9
+1 5
fi=(180) /usr/src/debug/glibc/glibc/posix/../sysdeps/unix/sysv/linux/x86/../sysconf.c
+16 10
fe=(179)
-12 10
fi=(181) /usr/src/debug/glibc/glibc/posix/../sysdeps/posix/sysconf.c
+23 12
221 1
cfi=(182)
cfn=(620)
calls=1 27 
* 6
* 2
60 2
fe=(179)

fl=(218)
fn=(750)
34 8
+14 3
+9 1
fi=(205)
1025 3
+1 2
fe=(218)
57 3
cfi=(196)
cfn=(766)
calls=1 168 
* 34
+1 3
+13 2
fi=(205)
951 4
+1 4
+6 2
cfi=(188)
cfn=(746)
calls=1 3359 
* 85
fe=(218)
76 7
-27 1
cfi=(195)
cfn=(752)
calls=1 +17 
* 91
+2 3
fi=(205)
979 2
+1 9
fe=(218)
52 2
+1 2
cfi=(196)
cfn=(756)
calls=1 +75 
* 202
fi=(205)
979 1
fe=(218)
53 1
fi=(205)
979 2
fe=(218)

fl=(235)
fn=(844)
206 12
+24 12
+5 12
+14 12
+25 12
+1 12
+1 12
+2 12
+1 12
+4 12
+4 12
+2 12
+2 12
+3 12
+2 12
+1 12
+11 12
+10 12
+1 12
+3 12
+4 24
+5 12
+1 12
+1 12
957 6
+1 6
+1 6
+1 6
+2 6
+3 6
+1 6
1076 6
+1 6

fl=(97)
fn=(336)
29 1
fi=(89)
+9 2
+1 1
-1 2
+1 2
+3 2
+4 3
+3 3
fe=(97)
-20 1

fl=(103)
fn=(356)
29 1
fi=(91)
+28 3
-1 2
+4 3
+14 2
+3 2
+8 2
+8 2
+3 5
fe=(103)

fl=(188)
fn=(644) tcache_init.part.0
3242 4
+9 8
+1 3
cfn=(646) _int_malloc
calls=1 1326 
* 384
+1 2
+8 4
+9 1
fi=(194) /usr/src/debug/glibc/glibc/malloc/../string/bits/string_fortified.h
59 2
fe=(188)
3270 1
fi=(194)
59 86
fe=(188)
3274 3

fn=(778)
3699 4
+10 2
-10 14
+10 16
+8 4
+3 6
+2 4
+34 10
fi=(189)
153 4
fe=(188)
3732 2
+1 2
+21 4
-21 4
+21 2
cfn=(646)
calls=2 1326 
* 289
+2 4
+81 8
-41 2
-12 2
+12 4
+3 10
+8 2
+2 4
+2 4
+5 1
+2 1
-2 1
+3 2
+2 1
+2 2
-67 6
+3 6
+78 1
fi=(194)
59 2
fe=(188)
3837 6
fi=(194)
59 1
cfi=(221)
cfn=(772)
calls=1 198 
* 26
fe=(188)

fn=(646)
1326 30
3846 135
1345 15
3846 15
1345 45
3887 30
1794 15
3914 30
+65 18
-63 36
+3 9
+2 18
+56 12
+62 5
+1 3
+20 15
-1 15
-1 15
+1 30
+1 30
-2 28
+12 75
-90 14
+2 14
-2 14
+2 28
4487 135
3930 27
4257 45
+2 3
+3 1
-3 1
+3 2
+1 15
+71 30
-4 15
+1 15
+1 15
-1 15
+1 15
+1 30
+1 60
+5 60
4083 5
3979 30
4218 60
4346 210
-3 171
4443 15
+1 30
+2 30
+3 45
+17 4
+15 3
cfn=(648) sysmalloc
calls=1 2532 
* 256
* 1
+1 2
+1 60
cfn=(656) alloc_perturb
calls=15 1985 
* 60
* 30
-29 14
-2 14
+2 14
-1 14
+1 14
-3 14
+8 14
-5 14
+2 14
-2 56
+2 14
+4 14

fn=(648)
2532 9
+20 1
-20 3
+20 1
+11 2
+1 2
-11 1
+35 1
+11 1
-10 3
+1 1
+9 4
+9 3
2921 2
+1 1
+5 1
+3 4
+5 2
-2 1
+2 1
-1 1
+1 1
-3 1
+3 1
+1 1
-1 3
+1 1
+2 1
+6 11
2669 2
+9 4
+13 3
+8 5
+8 2
+48 4
+40 3
+22 2
+1 6
+2 2
+1 2
cfi=(191)
cfn=(650)
calls=1 25 
* 33
+12 2
-12 1
+12 1
2008 4
2782 6
2926 1
2709 4
cfi=(191)
cfn=(650)
calls=1 25 
* 64
+1 4
-1 1
+1 1
2008 4
2712 1
+3 2
+29 1
+2 1
-2 1
+2 4
+6 2
2876 1
+1 1
-2 1
+1 4
+1 1
+11 2
2745 2
+38 3
2017 3

fn=(718) _int_realloc
4914 8
+11 4
+1 5
+1 4
+6 2
+2 2
+1 3
+2 4
+3 2
+89 9
-79 2
+12 2
+12 3
cfn=(646)
calls=1 1326 
* 143
* 1
+1 2
+3 1
+6 2
+8 1
fi=(194)
29 2
fe=(188)
4992 1
+1 6
fi=(194)
29 1
cfi=(208)
cfn=(720)
calls=1 255 
* 22
fe=(188)
4997 4
cfn=(722) _int_free
calls=1 4495 
* 54
+2 2

fn=(714)
3407 33
+6 6
+4 6
3538 2
3425 2
3538 12
3425 2
cfn=(634)
calls=2 3294 
* 386
-1 6
5238 1
3433 1
5239 3
-1 2
+2 2
3538 9
5241 1
3441 2
+15 3
fi=(189)
153 3
fe=(188)
3464 4
+1 2
1326 2
+19 6
3475 2
+31 2
+2 6
cfn=(718)
calls=1 4914 
* 292
* 1
+1 5
fi=(189)
153 4
fe=(188)
3509 2

fn=(722)
4495 77
+4 33
+6 44
+1 22
+4 55
+8 44
-1 22
+1 22
+29 11
-20 11
-6 11
+6 22
+20 44
4658 66
3163 11
+4 11
-4 11
+2 44
+1 11
+1 11
4550 11

fn=(634)
3294 104
+7 26
1326 24
+19 65
3311 26
+2 52
+3 24
+10 22
+28 66
3248 4
cfn=(644)
calls=1 -6 
* 498
+68 2
+1 5
+1 39
3178 4
+4 4
+4 2
+4 2
-4 6
+4 2
+1 2
3354 12
-26 44
cfn=(646)
calls=11 1326 
* 1584
+1 55
fi=(189)
153 22
264 1
cfn=(638)
calls=1 -2 
* 1129
fe=(188)
1326 2

fn=(656)
1985 45
+2 15

fn=(746)
3359 10
+4 20
-4 30
+14 10
-14 30
+12 10
+4 10
-4 10
+4 20
+17 30
fi=(189)
153 30
fe=(188)

ob=(5)
fl=(161)
fn=(548)
fi=(163)
1222 2
+3 3
101 3
1233 3
350 2
750 2
-2 1
+2 4
101 1
+2 1
-2 1
+2 1
-2 1
+2 1
-2 1
+2 1
-2 1
+2 1
-2 1
+2 1
fe=(161)

ob=(2)
fl=(188)
fn=(746)
3398 30
cfn=(722)
calls=10 4495 
* 540
+3 10
+1 60

ob=(5)
fl=(161)
fn=(548)
fi=(163)
350 7
452 2
+2 1
fe=(161)

fl=(164)
fn=(554)
0 12

fn=(986)
0 9
cob=(2)
cfi=(242)
cfn=(948)
calls=1 45 
0 78
0 1
cfn=(994) 0x0000000000005350
calls=1 0 
0 5
0 3

fn=(994)
0 5

ob=(6)
fl=(165)
fn=(596) std::rt::lang_start_internal
0 24
cob=(2)
cfi=(172)
cfn=(598)
calls=1 27 
0 8
0 18
cob=(2)
cfi=(173)
cfn=(600)
calls=1 30 
0 118
0 4
cob=(2)
cfi=(179)
cfn=(614)
calls=1 32 
0 57
0 9
cob=(2)
cfi=(183)
cfn=(622)
calls=1 23 
0 3
0 3
cob=(2)
cfi=(184)
cfn=(624)
calls=1 33 
0 93301
0 9
cob=(2)
cfi=(224)
cfn=(782)
calls=1 24 
0 9
0 6
cob=(2)
cfi=(225)
cfn=(784)
calls=1 26 
0 187
0 38
cob=(2)
cfi=(176)
cfn=(606)
calls=1 26 
0 59
0 9
cob=(2)
cfi=(176)
cfn=(606)
calls=1 26 
0 59
0 5
cob=(2)
cfi=(176)
cfn=(606)
calls=1 26 
0 59
0 9
cob=(2)
cfi=(176)
cfn=(606)
calls=1 26 
0 59
0 3
cfn=(786) std::sys::pal::unix::stack_overflow::imp::make_handler
calls=1 0 
0 247
0 7
cfn=(796) std::thread::Thread::new_inner
calls=1 0 
0 269
0 2
cfn=(804) std::thread::set_current
calls=1 0 
0 435
0 3
cfn=(818) std::rt::lang_start::{{closure}}
calls=1 0 
0 8218

fn=(806) std::sys::pal::unix::thread_local_dtor::register_dtor
0 21
cob=(2)
cfi=(230)
cfn=(808)
calls=1 102 
0 386

fn=(818)
0 3
cfn=(820) std::sys_common::backtrace::__rust_begin_short_backtrace
calls=1 0 
0 8215

fn=(836) std::sys::pal::unix::os::getenv::{{closure}}
0 95
cob=(2)
cfi=(234)
cfn=(838)
calls=5 24 
0 2365
0 105

fn=(874) log::set_boxed_logger
0 19

fn=(898) std::io::stdio::print_to_buffer_if_capture_used
0 22

fn=(918) std::process::exit
0 6
cfn=(920) std::rt::cleanup
calls=1 0 
0 400
0 2
cfn=(926) std::sys::pal::unix::os::exit
calls=1 0 
0 1968

fn=(832) std::env::_var
0 30
cob=(2)
cfi=(208)
cfn=(720)
calls=2 255 
0 26
0 12
cfn=(834) core::ffi::c_str::CStr::from_bytes_with_nul
calls=2 0 
0 144
0 10
cfn=(836)
calls=2 0 
0 1098
0 36

fn=(888) core::str::converts::from_utf8
0 84

fn=(892) __rust_dealloc
0 3
cfn=(894) __rdl_dealloc
calls=3 0 
0 267

fn=(900) std::sync::once_lock::OnceLock<T>::initialize
0 14
cfn=(902) std::sys::sync::once::futex::Once::call
calls=1 0 
0 111
0 3

fn=(798) alloc::sync::arcinner_layout_for_value_layout
0 21

fn=(834)
0 345

fn=(852) anstream::auto::choice
0 10
cfn=(854) colorchoice::ColorChoice::global
calls=1 0 
0 2
0 15
cfn=(856) std::env::_var_os
calls=1 0 
0 633
0 7
cfn=(856)
calls=1 0 
0 534
0 7
cfn=(856)
calls=1 0 
0 663
0 5
cfn=(858) <std::io::stdio::Stderr as anstream::stream::IsTerminal>::is_terminal
calls=1 0 
0 47
0 4

fn=(856)
0 45
cob=(2)
cfi=(208)
cfn=(720)
calls=3 255 
0 39
0 18
cfn=(834)
calls=3 0 
0 201
0 15
cfn=(836)
calls=3 0 
0 1467
0 45

fn=(868) alloc::raw_vec::finish_grow
0 21
cfn=(800) __rust_alloc
calls=1 0 
0 198
0 7

fn=(904) <&std::io::stdio::Stdout as std::io::Write>::write_fmt
0 33
cfn=(906) core::fmt::write
calls=1 0 
0 228
0 21

fn=(562)
0 12
cob=(2)
cfi=(166)
cfn=(564)
calls=1 242 
0 103500

fn=(576)
0 7

fn=(578)
0 12

fn=(594)
0 9
cfn=(596)
calls=1 0 
0 103237

fn=(786)
0 18
cob=(2)
cfi=(226)
cfn=(788)
calls=1 120 
0 6
0 4
cob=(2)
cfi=(227)
cfn=(790)
calls=1 56 
0 146
0 11
cob=(2)
cfi=(228)
cfn=(792)
calls=1 47 
0 26
0 7
cob=(2)
cfi=(229)
cfn=(794)
calls=1 117 
0 6
0 9
cob=(2)
cfi=(226)
cfn=(788)
calls=1 120 
0 6
0 8

fn=(858)
0 3
cob=(2)
cfi=(236)
cfn=(860)
calls=1 24 
0 40
0 4

fn=(896) std::io::stdio::_print
0 9
cfn=(898)
calls=1 0 
0 22
0 12
cfn=(904)
calls=1 0 
0 282
0 7
cfn=(900)
calls=1 0 
0 128
0 1

fn=(920)
0 11
cfn=(902)
calls=1 0 
0 386
0 3

fn=(934)
0 17
cfn=(936) alloc::sync::Arc<T,A>::drop_slow
calls=1 0 
0 108

fn=(828) env_logger::logger::Builder::parse_env
0 10
cfn=(830) env_logger::logger::Var::get
calls=1 0 
0 694
0 8
cfn=(830)
calls=1 0 
0 724
0 24

fn=(830)
0 26
cfn=(832)
calls=2 0 
0 1356
0 36

fn=(850) env_logger::fmt::writer::Builder::build
0 23
cfn=(852)
calls=1 0 
0 1927
0 25

fn=(866) alloc::raw_vec::RawVec<T,A>::grow_one
0 28
cfn=(868)
calls=1 0 
0 226
0 9

fn=(872) env_filter::filter::Filter::filter
0 8

fn=(894)
0 12
cob=(2)
cfi=(188)
cfn=(746)
calls=3 3359 
0 255

fn=(802) __rdl_alloc
0 56
cob=(2)
cfi=(188)
cfn=(634)
calls=8 3294 
0 1245

fn=(882) std::env::args_os
0 27
cfn=(800)
calls=1 0 
0 201
0 26
cob=(2)
cfi=(212)
cfn=(732)
calls=1 52 
0 14
0 11
cfn=(800)
calls=1 0 
0 201
0 8
cob=(2)
cfi=(208)
cfn=(720)
calls=1 255 
0 11
0 22

fn=(890) <std::env::Args as core::iter::traits::iterator::Iterator>::size_hint
0 13

fn=(908) <std::io::Write::write_fmt::Adapter<T> as core::fmt::Write>::write_str
0 9
cfn=(910) <std::io::stdio::StdoutLock as std::io::Write>::write_all
calls=1 0 
0 164
0 11

fn=(910)
0 16
cfn=(912) core::slice::memchr::memrchr
calls=1 0 
0 40
0 16
cfn=(914) <std::io::stdio::StdoutRaw as std::io::Write>::write_all
calls=1 0 
0 51
0 14
cob=(2)
cfi=(208)
cfn=(720)
calls=1 255 
0 13
0 14

fn=(914)
0 24
cob=(2)
cfi=(238)
cfn=(916)
calls=1 25 
0 8
0 19

fn=(922) std::io::buffered::bufwriter::BufWriter<W>::flush_buf
0 22

fn=(936)
0 18
cfn=(892)
calls=1 0 
0 90

fn=(800)
0 8
cfn=(802)
calls=8 0 
0 1301

fn=(826) env_logger::logger::try_init
0 34
cfn=(828)
calls=1 0 
0 1460
0 5
cob=(2)
cfi=(208)
cfn=(720)
calls=1 255 
0 30
0 2
cfn=(846) env_logger::logger::Builder::try_init
calls=1 0 
0 2694
0 3
cfn=(876) core::ptr::drop_in_place<env_logger::logger::Builder>
calls=1 0 
0 40
0 4

fn=(846)
0 5
cfn=(848) env_logger::logger::Builder::build
calls=1 0 
0 2413
0 2
cfn=(872)
calls=1 0 
0 8
0 20
cfn=(800)
calls=1 0 
0 201
0 19
cfn=(874)
calls=1 0 
0 19
0 7

fn=(854)
0 2

fn=(886) <std::env::Args as core::iter::traits::iterator::Iterator>::next
0 37
cfn=(888)
calls=1 0 
0 84
0 21

fn=(902)
0 37
cfn=(800)
calls=1 0 
0 53
0 64
cob=(2)
cfi=(227)
cfn=(790)
calls=1 56 
0 146
0 10
cob=(2)
cfi=(226)
cfn=(788)
calls=1 120 
0 6
0 5
cob=(2)
cfi=(229)
cfn=(924)
calls=1 117 
0 6
0 37
cfn=(922)
calls=1 0 
0 22
0 9
cfn=(892)
calls=1 0 
0 90
0 12

fn=(942)
0 9
cob=(2)
cfi=(242)
cfn=(948)
calls=1 45 
0 78
0 1
cfn=(956) 0x0000000000024250
calls=1 0 
0 5
0 3

fn=(804)
0 17
cfn=(806)
calls=1 0 
0 407
0 11

fn=(848)
0 11
cfn=(850)
calls=1 0 
0 1975
0 3
cfn=(864) env_filter::filter::Builder::build
calls=1 0 
0 297
0 2
cfn=(870) env_logger::fmt::Builder::build
calls=1 0 
0 106
0 19

fn=(876)
0 17
cfn=(878) core::ptr::drop_in_place<core::option::Option<env_filter::op::FilterOp>>
calls=1 0 
0 10
0 13

fn=(878)
0 10

fn=(884) <alloc::vec::Vec<T> as alloc::vec::spec_from_iter::SpecFromIter<T,I>>::from_iter
0 11
cfn=(886)
calls=1 0 
0 120
0 11
cfn=(890)
calls=1 0 
0 13
0 19
cfn=(800)
calls=1 0 
0 201
0 20
cfn=(886)
calls=1 0 
0 22
0 21
cfn=(892)
calls=1 0 
0 90
0 13

fn=(906)
0 29
cfn=(908)
calls=1 0 
0 184
0 15

fn=(912)
0 40

fn=(796)
0 11
cfn=(798)
calls=1 0 
0 21
0 9
cfn=(800)
calls=1 0 
0 201
0 27

fn=(820)
0 2
cfn=(822) runner::main
calls=1 0 
0 8213

fn=(822)
0 6
cfn=(824) env_logger::logger::init
calls=1 0 
0 4278
0 3
cfn=(880) std::env::args
calls=1 0 
0 532
0 3
cfn=(884)
calls=1 0 
0 541
0 11
cfn=(896)
calls=1 0 
0 461
0 2
cfn=(918)
calls=1 0 
0 2376

fn=(824)
0 2
cfn=(826)
calls=1 0 
0 4272
0 4

fn=(864)
0 15
cfn=(866)
calls=1 0 
0 263
0 19

fn=(870)
0 34
cfn=(800)
calls=1 0 
0 53
0 19

fn=(880)
0 6
cfn=(882)
calls=1 0 
0 521
0 5

fn=(926)
0 3
cob=(2)
cfi=(239)
cfn=(928)
calls=1 137 
0 1965

fn=(956)
0 5

totals: 404577
